<?xml version="1.0" encoding="UTF-8"?>
<testsuite xmlns:xsi="http://www.w3.org/2001/XMLSchema-instance" xsi:noNamespaceSchemaLocation="https://maven.apache.org/surefire/maven-surefire-plugin/xsd/surefire-test-report.xsd" name="cm.pak.services.impl.DefaultExtensionServiceTest" time="8.439" tests="4" errors="4" skipped="0" failures="0">
  <properties>
[...]
</properties>
  <testcase name="installModule" classname="cm.pak.services.impl.DefaultExtensionServiceTest" time="0.306">
    <error message="Unrecognized field &quot;path&quot; (class cm.pak.data.MenuData), not marked as ignorable (10 known properties: &quot;label&quot;, &quot;viewComponent&quot;, &quot;name&quot;, &quot;actions&quot;, &quot;order&quot;, &quot;listComponent&quot;, &quot;viewMode&quot;, &quot;source&quot;, &quot;metadata&quot;, &quot;children&quot;])&#10; at [Source: (File); line: 14, column: 16] (through reference chain: cm.pak.data.ModuleData[&quot;menus&quot;]-&gt;java.util.HashSet[0]-&gt;cm.pak.data.MenuData[&quot;path&quot;])" type="com.fasterxml.jackson.databind.exc.UnrecognizedPropertyException">com.fasterxml.jackson.databind.exc.UnrecognizedPropertyException: 
Unrecognized field "path" (class cm.pak.data.MenuData), not marked as ignorable (10 known properties: "label", "viewComponent", "name", "actions", "order", "listComponent", "viewMode", "source", "metadata", "children"])
 at [Source: (File); line: 14, column: 16] (through reference chain: cm.pak.data.ModuleData["menus"]->java.util.HashSet[0]->cm.pak.data.MenuData["path"])
	at cm.pak.services.impl.DefaultExtensionServiceTest.setUp(DefaultExtensionServiceTest.java:40)
</error>
    <system-out><![CDATA[11:35:11.402 [main] DEBUG org.springframework.test.context.junit4.SpringJUnit4ClassRunner - SpringJUnit4ClassRunner constructor called with [class cm.pak.services.impl.DefaultExtensionServiceTest]
11:35:11.418 [main] DEBUG org.springframework.test.context.BootstrapUtils - Instantiating CacheAwareContextLoaderDelegate from class [org.springframework.test.context.cache.DefaultCacheAwareContextLoaderDelegate]
11:35:11.440 [main] DEBUG org.springframework.test.context.BootstrapUtils - Instantiating BootstrapContext using constructor [public org.springframework.test.context.support.DefaultBootstrapContext(java.lang.Class,org.springframework.test.context.CacheAwareContextLoaderDelegate)]
11:35:11.502 [main] DEBUG org.springframework.test.context.BootstrapUtils - Instantiating TestContextBootstrapper for test class [cm.pak.services.impl.DefaultExtensionServiceTest] from class [org.springframework.test.context.support.DefaultTestContextBootstrapper]
11:35:11.540 [main] DEBUG org.springframework.test.context.support.AbstractDelegatingSmartContextLoader - Delegating to AnnotationConfigContextLoader to process context configuration [ContextConfigurationAttributes@3aeaafa6 declaringClass = 'cm.pak.services.impl.DefaultExtensionServiceTest', classes = '{class cm.pak.TrainingCoreConfig}', locations = '{}', inheritLocations = true, initializers = '{}', inheritInitializers = true, name = [null], contextLoaderClass = 'org.springframework.test.context.ContextLoader'].
11:35:11.603 [main] DEBUG org.springframework.test.context.support.ActiveProfilesUtils - Could not find an 'annotation declaring class' for annotation type [org.springframework.test.context.ActiveProfiles] and class [cm.pak.services.impl.DefaultExtensionServiceTest]
11:35:11.618 [main] DEBUG org.springframework.test.context.support.DefaultTestContextBootstrapper - @TestExecutionListeners is not present for class [cm.pak.services.impl.DefaultExtensionServiceTest]: using defaults.
11:35:11.618 [main] INFO org.springframework.test.context.support.DefaultTestContextBootstrapper - Loaded default TestExecutionListener class names from location [META-INF/spring.factories]: [org.springframework.test.context.web.ServletTestExecutionListener, org.springframework.test.context.support.DirtiesContextBeforeModesTestExecutionListener, org.springframework.test.context.event.ApplicationEventsTestExecutionListener, org.springframework.test.context.support.DependencyInjectionTestExecutionListener, org.springframework.test.context.support.DirtiesContextTestExecutionListener, org.springframework.test.context.transaction.TransactionalTestExecutionListener, org.springframework.test.context.jdbc.SqlScriptsTestExecutionListener, org.springframework.test.context.event.EventPublishingTestExecutionListener]
11:35:11.640 [main] DEBUG org.springframework.test.context.support.DefaultTestContextBootstrapper - Skipping candidate TestExecutionListener [org.springframework.test.context.web.ServletTestExecutionListener] due to a missing dependency. Specify custom listener classes or make the default listener classes and their required dependencies available. Offending class: [javax/servlet/ServletContext]
11:35:11.656 [main] INFO org.springframework.test.context.support.DefaultTestContextBootstrapper - Using TestExecutionListeners: [org.springframework.test.context.support.DirtiesContextBeforeModesTestExecutionListener@12028586, org.springframework.test.context.event.ApplicationEventsTestExecutionListener@17776a8, org.springframework.test.context.support.DependencyInjectionTestExecutionListener@69a10787, org.springframework.test.context.support.DirtiesContextTestExecutionListener@2d127a61, org.springframework.test.context.transaction.TransactionalTestExecutionListener@2bbaf4f0, org.springframework.test.context.jdbc.SqlScriptsTestExecutionListener@11c20519, org.springframework.test.context.event.EventPublishingTestExecutionListener@70beb599]
11:35:11.656 [main] DEBUG org.springframework.test.annotation.ProfileValueUtils - Retrieved @ProfileValueSourceConfiguration [null] for test class [cm.pak.services.impl.DefaultExtensionServiceTest]
11:35:11.656 [main] DEBUG org.springframework.test.annotation.ProfileValueUtils - Retrieved ProfileValueSource type [class org.springframework.test.annotation.SystemProfileValueSource] for class [cm.pak.services.impl.DefaultExtensionServiceTest]
11:35:11.656 [main] DEBUG org.springframework.test.annotation.ProfileValueUtils - Retrieved @ProfileValueSourceConfiguration [null] for test class [cm.pak.services.impl.DefaultExtensionServiceTest]
11:35:11.656 [main] DEBUG org.springframework.test.annotation.ProfileValueUtils - Retrieved ProfileValueSource type [class org.springframework.test.annotation.SystemProfileValueSource] for class [cm.pak.services.impl.DefaultExtensionServiceTest]
11:35:11.656 [main] DEBUG org.springframework.test.annotation.ProfileValueUtils - Retrieved @ProfileValueSourceConfiguration [null] for test class [cm.pak.services.impl.DefaultExtensionServiceTest]
11:35:11.656 [main] DEBUG org.springframework.test.annotation.ProfileValueUtils - Retrieved ProfileValueSource type [class org.springframework.test.annotation.SystemProfileValueSource] for class [cm.pak.services.impl.DefaultExtensionServiceTest]
11:35:11.671 [main] DEBUG org.springframework.test.context.support.AbstractDirtiesContextTestExecutionListener - Before test class: context [DefaultTestContext@3ffcd140 testClass = DefaultExtensionServiceTest, testInstance = [null], testMethod = [null], testException = [null], mergedContextConfiguration = [MergedContextConfiguration@23bb8443 testClass = DefaultExtensionServiceTest, locations = '{}', classes = '{class cm.pak.TrainingCoreConfig}', contextInitializerClasses = '[]', activeProfiles = '{}', propertySourceLocations = '{}', propertySourceProperties = '{}', contextCustomizers = set[[empty]], contextLoader = 'org.springframework.test.context.support.DelegatingSmartContextLoader', parent = [null]], attributes = map[[empty]]], class annotated with @DirtiesContext [false] with mode [null].
11:35:11.671 [main] DEBUG org.springframework.test.annotation.ProfileValueUtils - Retrieved @ProfileValueSourceConfiguration [null] for test class [cm.pak.services.impl.DefaultExtensionServiceTest]
11:35:11.671 [main] DEBUG org.springframework.test.annotation.ProfileValueUtils - Retrieved ProfileValueSource type [class org.springframework.test.annotation.SystemProfileValueSource] for class [cm.pak.services.impl.DefaultExtensionServiceTest]
11:35:11.671 [main] DEBUG org.springframework.test.context.support.DependencyInjectionTestExecutionListener - Performing dependency injection for test context [[DefaultTestContext@3ffcd140 testClass = DefaultExtensionServiceTest, testInstance = cm.pak.services.impl.DefaultExtensionServiceTest@6b67034, testMethod = [null], testException = [null], mergedContextConfiguration = [MergedContextConfiguration@23bb8443 testClass = DefaultExtensionServiceTest, locations = '{}', classes = '{class cm.pak.TrainingCoreConfig}', contextInitializerClasses = '[]', activeProfiles = '{}', propertySourceLocations = '{}', propertySourceProperties = '{}', contextCustomizers = set[[empty]], contextLoader = 'org.springframework.test.context.support.DelegatingSmartContextLoader', parent = [null]], attributes = map['org.springframework.test.context.event.ApplicationEventsTestExecutionListener.recordApplicationEvents' -> false]]].
11:35:11.671 [main] DEBUG org.springframework.test.context.support.AbstractDelegatingSmartContextLoader - Delegating to AnnotationConfigContextLoader to load context from [MergedContextConfiguration@23bb8443 testClass = DefaultExtensionServiceTest, locations = '{}', classes = '{class cm.pak.TrainingCoreConfig}', contextInitializerClasses = '[]', activeProfiles = '{}', propertySourceLocations = '{}', propertySourceProperties = '{}', contextCustomizers = set[[empty]], contextLoader = 'org.springframework.test.context.support.DelegatingSmartContextLoader', parent = [null]].
11:35:11.671 [main] DEBUG org.springframework.test.context.support.AbstractGenericContextLoader - Loading ApplicationContext for merged context configuration [[MergedContextConfiguration@23bb8443 testClass = DefaultExtensionServiceTest, locations = '{}', classes = '{class cm.pak.TrainingCoreConfig}', contextInitializerClasses = '[]', activeProfiles = '{}', propertySourceLocations = '{}', propertySourceProperties = '{}', contextCustomizers = set[[empty]], contextLoader = 'org.springframework.test.context.support.DelegatingSmartContextLoader', parent = [null]]].
11:35:11.783 [main] DEBUG org.springframework.core.env.StandardEnvironment - Activating profiles []
11:35:11.783 [main] DEBUG org.springframework.test.context.support.AnnotationConfigContextLoader - Registering component classes: {class cm.pak.TrainingCoreConfig}
11:35:11.894 [main] DEBUG org.springframework.context.support.GenericApplicationContext - Refreshing org.springframework.context.support.GenericApplicationContext@4450d156
11:35:11.934 [main] DEBUG org.springframework.beans.factory.support.DefaultListableBeanFactory - Creating shared instance of singleton bean 'org.springframework.context.annotation.internalConfigurationAnnotationProcessor'
11:35:12.223 [main] DEBUG org.springframework.context.annotation.ClassPathBeanDefinitionScanner - Identified candidate component class: file [C:\Users\dieunedort.bekondo\IdeaProjects\pak-training\training-core\target\classes\cm\pak\converters\impl\ModuleDataConverter.class]
11:35:12.235 [main] DEBUG org.springframework.context.annotation.ClassPathBeanDefinitionScanner - Identified candidate component class: file [C:\Users\dieunedort.bekondo\IdeaProjects\pak-training\training-core\target\classes\cm\pak\services\impl\DefaultExtensionService.class]
11:35:12.235 [main] DEBUG org.springframework.context.annotation.ClassPathBeanDefinitionScanner - Identified candidate component class: file [C:\Users\dieunedort.bekondo\IdeaProjects\pak-training\training-core\target\classes\cm\pak\services\impl\DefaultJsonService.class]
11:35:12.244 [main] DEBUG org.springframework.context.annotation.ClassPathBeanDefinitionScanner - Identified candidate component class: file [C:\Users\dieunedort.bekondo\IdeaProjects\pak-training\training-core\target\classes\cm\pak\services\impl\DefaultMetaService.class]
11:35:12.246 [main] DEBUG org.springframework.context.annotation.ClassPathBeanDefinitionScanner - Identified candidate component class: file [C:\Users\dieunedort.bekondo\IdeaProjects\pak-training\training-core\target\classes\cm\pak\services\impl\DefaultUserService.class]
11:35:12.266 [main] DEBUG org.springframework.context.annotation.ClassPathBeanDefinitionScanner - Identified candidate component class: URL [jar:file:/C:/Users/dieunedort.bekondo/IdeaProjects/pak-training/training-data/target/training-data-1.0-SNAPSHOT.jar!/cm/pak/repositories/impl/DefaultFlexibleSearch.class]
11:35:12.326 [main] DEBUG org.springframework.context.annotation.ClassPathBeanDefinitionScanner - Identified candidate component class: URL [jar:file:/C:/Users/dieunedort.bekondo/IdeaProjects/pak-training/training-data/target/training-data-1.0-SNAPSHOT.jar!/cm/pak/repositories/impl/DefaultModelService.class]
11:35:12.357 [main] DEBUG org.springframework.context.annotation.ClassPathBeanDefinitionScanner - Identified candidate component class: URL [jar:file:/C:/Users/dieunedort.bekondo/IdeaProjects/pak-training/training-data/target/training-data-1.0-SNAPSHOT.jar!/cm/pak/TrainingDataConfig.class]
11:35:12.851 [main] DEBUG org.springframework.context.annotation.ClassPathBeanDefinitionScanner - Identified candidate component class: URL [jar:file:/C:/Users/dieunedort.bekondo/IdeaProjects/pak-training/training-data/target/training-data-1.0-SNAPSHOT.jar!/cm/pak/repositories/impl/DefaultFlexibleSearch.class]
11:35:12.851 [main] DEBUG org.springframework.context.annotation.ClassPathBeanDefinitionScanner - Identified candidate component class: URL [jar:file:/C:/Users/dieunedort.bekondo/IdeaProjects/pak-training/training-data/target/training-data-1.0-SNAPSHOT.jar!/cm/pak/repositories/impl/DefaultModelService.class]
11:35:13.417 [main] DEBUG org.springframework.beans.factory.support.DefaultListableBeanFactory - Creating shared instance of singleton bean 'org.springframework.context.event.internalEventListenerProcessor'
11:35:13.467 [main] DEBUG org.springframework.beans.factory.support.DefaultListableBeanFactory - Creating shared instance of singleton bean 'org.springframework.context.event.internalEventListenerFactory'
11:35:13.477 [main] DEBUG org.springframework.beans.factory.support.DefaultListableBeanFactory - Creating shared instance of singleton bean 'org.springframework.transaction.config.internalTransactionalEventListenerFactory'
11:35:13.517 [main] DEBUG org.springframework.beans.factory.support.DefaultListableBeanFactory - Creating shared instance of singleton bean 'org.springframework.context.annotation.internalAutowiredAnnotationProcessor'
11:35:13.517 [main] DEBUG org.springframework.beans.factory.support.DefaultListableBeanFactory - Creating shared instance of singleton bean 'org.springframework.context.annotation.internalCommonAnnotationProcessor'
11:35:13.538 [main] DEBUG org.springframework.beans.factory.support.DefaultListableBeanFactory - Creating shared instance of singleton bean 'org.springframework.context.annotation.internalPersistenceAnnotationProcessor'
11:35:13.548 [main] DEBUG org.springframework.beans.factory.support.DefaultListableBeanFactory - Creating shared instance of singleton bean 'org.springframework.aop.config.internalAutoProxyCreator'
11:35:13.699 [main] DEBUG org.springframework.beans.factory.support.DefaultListableBeanFactory - Creating shared instance of singleton bean 'entityManagerFactoryBean'
11:35:13.699 [main] DEBUG org.springframework.beans.factory.support.DefaultListableBeanFactory - Creating shared instance of singleton bean 'trainingDataConfig'
11:35:13.719 [main] DEBUG org.springframework.beans.factory.support.DefaultListableBeanFactory - Creating shared instance of singleton bean 'org.springframework.transaction.config.internalTransactionAdvisor'
11:35:13.719 [main] DEBUG org.springframework.beans.factory.support.DefaultListableBeanFactory - Creating shared instance of singleton bean 'org.springframework.transaction.annotation.ProxyTransactionManagementConfiguration'
11:35:13.747 [main] DEBUG org.springframework.beans.factory.support.DefaultListableBeanFactory - Creating shared instance of singleton bean 'transactionAttributeSource'
11:35:13.749 [main] DEBUG org.springframework.beans.factory.support.DefaultListableBeanFactory - Creating shared instance of singleton bean 'transactionInterceptor'
11:35:13.749 [main] DEBUG org.springframework.beans.factory.support.DefaultListableBeanFactory - Autowiring by type from bean name 'transactionInterceptor' via factory method to bean named 'transactionAttributeSource'
11:35:13.759 [main] DEBUG org.springframework.beans.factory.support.DefaultListableBeanFactory - Autowiring by type from bean name 'org.springframework.transaction.config.internalTransactionAdvisor' via factory method to bean named 'transactionAttributeSource'
11:35:13.759 [main] DEBUG org.springframework.beans.factory.support.DefaultListableBeanFactory - Autowiring by type from bean name 'org.springframework.transaction.config.internalTransactionAdvisor' via factory method to bean named 'transactionInterceptor'
11:35:13.819 [main] DEBUG org.springframework.beans.factory.support.DefaultListableBeanFactory - Creating shared instance of singleton bean 'dataSource'
11:35:13.829 [main] DEBUG org.springframework.core.env.PropertySourcesPropertyResolver - Found key 'pak.datasource.driver-class-name' in PropertySource 'class path resource [application.properties]' with value of type String
11:35:13.840 [main] DEBUG org.springframework.core.env.PropertySourcesPropertyResolver - Found key 'pak.datasource.url' in PropertySource 'class path resource [application.properties]' with value of type String
11:35:13.840 [main] DEBUG org.springframework.core.env.PropertySourcesPropertyResolver - Found key 'pak.datasource.username' in PropertySource 'class path resource [application.properties]' with value of type String
11:35:13.850 [main] DEBUG org.springframework.core.env.PropertySourcesPropertyResolver - Found key 'pak.datasource.password' in PropertySource 'class path resource [application.properties]' with value of type String
11:35:13.910 [main] DEBUG com.zaxxer.hikari.HikariConfig - Driver class org.h2.Driver found in Thread context class loader sun.misc.Launcher$AppClassLoader@42a57993
11:35:14.061 [main] DEBUG org.jboss.logging - Logging Provider: org.jboss.logging.Log4j2LoggerProvider
11:35:14.069 [main] DEBUG org.springframework.core.env.PropertySourcesPropertyResolver - Found key 'pak.jpa.datasource-platform' in PropertySource 'class path resource [application.properties]' with value of type String
11:35:14.071 [main] DEBUG org.springframework.core.env.PropertySourcesPropertyResolver - Found key 'pak.jpa.hibernate.ddl-auto' in PropertySource 'class path resource [application.properties]' with value of type String
11:35:14.071 [main] DEBUG org.springframework.core.env.PropertySourcesPropertyResolver - Found key 'pak.jpa.show-sql' in PropertySource 'class path resource [application.properties]' with value of type String
11:35:14.180 [main] DEBUG org.springframework.orm.jpa.LocalContainerEntityManagerFactoryBean - Building JPA container EntityManagerFactory for persistence unit 'pak_pu'
11:35:14.212 [main] DEBUG org.hibernate.jpa.internal.util.LogHelper - PersistenceUnitInfo [
	name: pak_pu
	persistence provider classname: null
	classloader: sun.misc.Launcher$AppClassLoader@42a57993
	excludeUnlistedClasses: true
	JTA datasource: null
	Non JTA datasource: HikariDataSource (null)
	Transaction type: RESOURCE_LOCAL
	PU root URL: file:/C:/Users/dieunedort.bekondo/IdeaProjects/pak-training/training-data/target/training-data-1.0-SNAPSHOT.jar
	Shared Cache Mode: UNSPECIFIED
	Validation Mode: AUTO
	Jar files URLs []
	Managed classes names [
		cm.pak.models.security.GroupeModel
		cm.pak.models.security.UserModel
		cm.pak.models.security.AccesRigth
		cm.pak.models.core.ExtensionModel
		cm.pak.models.security.base.ItemModel]
	Mapping files names []
	Properties []
11:35:14.311 [main] DEBUG org.hibernate.integrator.internal.IntegratorServiceImpl - Adding Integrator [org.hibernate.cfg.beanvalidation.BeanValidationIntegrator].
11:35:14.313 [main] DEBUG org.hibernate.integrator.internal.IntegratorServiceImpl - Adding Integrator [org.hibernate.secure.spi.JaccIntegrator].
11:35:14.323 [main] DEBUG org.hibernate.integrator.internal.IntegratorServiceImpl - Adding Integrator [org.hibernate.cache.internal.CollectionCacheInvalidator].
11:35:14.423 [main] INFO org.hibernate.Version - HHH000412: Hibernate ORM core version 5.6.5.Final
11:35:14.423 [main] DEBUG org.hibernate.cfg.Environment - HHH000206: hibernate.properties not found
11:35:14.854 [main] DEBUG org.hibernate.service.spi.ServiceBinding - Overriding existing service binding [org.hibernate.secure.spi.JaccService]
11:35:14.884 [main] DEBUG org.hibernate.cache.internal.RegionFactoryInitiator - Cannot default RegionFactory based on registered strategies as `[]` RegionFactory strategies were registered
11:35:14.886 [main] DEBUG org.hibernate.cache.internal.RegionFactoryInitiator - Cache region factory : org.hibernate.cache.internal.NoCachingRegionFactory
11:35:14.937 [main] INFO org.hibernate.annotations.common.Version - HCANN000001: Hibernate Commons Annotations {5.1.2.Final}
11:35:15.481 [main] DEBUG org.hibernate.type.BasicTypeRegistry - Adding type registration boolean -> org.hibernate.type.BooleanType@557a1e2d
11:35:15.481 [main] DEBUG org.hibernate.type.BasicTypeRegistry - Adding type registration boolean -> org.hibernate.type.BooleanType@557a1e2d
11:35:15.481 [main] DEBUG org.hibernate.type.BasicTypeRegistry - Adding type registration java.lang.Boolean -> org.hibernate.type.BooleanType@557a1e2d
11:35:15.489 [main] DEBUG org.hibernate.type.BasicTypeRegistry - Adding type registration numeric_boolean -> org.hibernate.type.NumericBooleanType@366ef90e
11:35:15.491 [main] DEBUG org.hibernate.type.BasicTypeRegistry - Adding type registration true_false -> org.hibernate.type.TrueFalseType@a5b0b86
11:35:15.491 [main] DEBUG org.hibernate.type.BasicTypeRegistry - Adding type registration yes_no -> org.hibernate.type.YesNoType@73ff4fae
11:35:15.491 [main] DEBUG org.hibernate.type.BasicTypeRegistry - Adding type registration byte -> org.hibernate.type.ByteType@54227100
11:35:15.491 [main] DEBUG org.hibernate.type.BasicTypeRegistry - Adding type registration byte -> org.hibernate.type.ByteType@54227100
11:35:15.491 [main] DEBUG org.hibernate.type.BasicTypeRegistry - Adding type registration java.lang.Byte -> org.hibernate.type.ByteType@54227100
11:35:15.501 [main] DEBUG org.hibernate.type.BasicTypeRegistry - Adding type registration character -> org.hibernate.type.CharacterType@5778826f
11:35:15.501 [main] DEBUG org.hibernate.type.BasicTypeRegistry - Adding type registration char -> org.hibernate.type.CharacterType@5778826f
11:35:15.501 [main] DEBUG org.hibernate.type.BasicTypeRegistry - Adding type registration java.lang.Character -> org.hibernate.type.CharacterType@5778826f
11:35:15.501 [main] DEBUG org.hibernate.type.BasicTypeRegistry - Adding type registration short -> org.hibernate.type.ShortType@1c80e49b
11:35:15.501 [main] DEBUG org.hibernate.type.BasicTypeRegistry - Adding type registration short -> org.hibernate.type.ShortType@1c80e49b
11:35:15.509 [main] DEBUG org.hibernate.type.BasicTypeRegistry - Adding type registration java.lang.Short -> org.hibernate.type.ShortType@1c80e49b
11:35:15.511 [main] DEBUG org.hibernate.type.BasicTypeRegistry - Adding type registration integer -> org.hibernate.type.IntegerType@56276db8
11:35:15.511 [main] DEBUG org.hibernate.type.BasicTypeRegistry - Adding type registration int -> org.hibernate.type.IntegerType@56276db8
11:35:15.511 [main] DEBUG org.hibernate.type.BasicTypeRegistry - Adding type registration java.lang.Integer -> org.hibernate.type.IntegerType@56276db8
11:35:15.519 [main] DEBUG org.hibernate.type.BasicTypeRegistry - Adding type registration long -> org.hibernate.type.LongType@4d098f9b
11:35:15.521 [main] DEBUG org.hibernate.type.BasicTypeRegistry - Adding type registration long -> org.hibernate.type.LongType@4d098f9b
11:35:15.521 [main] DEBUG org.hibernate.type.BasicTypeRegistry - Adding type registration java.lang.Long -> org.hibernate.type.LongType@4d098f9b
11:35:15.521 [main] DEBUG org.hibernate.type.BasicTypeRegistry - Adding type registration float -> org.hibernate.type.FloatType@293d0107
11:35:15.521 [main] DEBUG org.hibernate.type.BasicTypeRegistry - Adding type registration float -> org.hibernate.type.FloatType@293d0107
11:35:15.521 [main] DEBUG org.hibernate.type.BasicTypeRegistry - Adding type registration java.lang.Float -> org.hibernate.type.FloatType@293d0107
11:35:15.521 [main] DEBUG org.hibernate.type.BasicTypeRegistry - Adding type registration double -> org.hibernate.type.DoubleType@74cadd41
11:35:15.521 [main] DEBUG org.hibernate.type.BasicTypeRegistry - Adding type registration double -> org.hibernate.type.DoubleType@74cadd41
11:35:15.531 [main] DEBUG org.hibernate.type.BasicTypeRegistry - Adding type registration java.lang.Double -> org.hibernate.type.DoubleType@74cadd41
11:35:15.531 [main] DEBUG org.hibernate.type.BasicTypeRegistry - Adding type registration big_decimal -> org.hibernate.type.BigDecimalType@65a4798f
11:35:15.531 [main] DEBUG org.hibernate.type.BasicTypeRegistry - Adding type registration java.math.BigDecimal -> org.hibernate.type.BigDecimalType@65a4798f
11:35:15.539 [main] DEBUG org.hibernate.type.BasicTypeRegistry - Adding type registration big_integer -> org.hibernate.type.BigIntegerType@83298d7
11:35:15.539 [main] DEBUG org.hibernate.type.BasicTypeRegistry - Adding type registration java.math.BigInteger -> org.hibernate.type.BigIntegerType@83298d7
11:35:15.541 [main] DEBUG org.hibernate.type.BasicTypeRegistry - Adding type registration string -> org.hibernate.type.StringType@665e9289
11:35:15.541 [main] DEBUG org.hibernate.type.BasicTypeRegistry - Adding type registration java.lang.String -> org.hibernate.type.StringType@665e9289
11:35:15.541 [main] DEBUG org.hibernate.type.BasicTypeRegistry - Adding type registration nstring -> org.hibernate.type.StringNVarcharType@2756c0a7
11:35:15.602 [main] DEBUG org.hibernate.type.BasicTypeRegistry - Adding type registration ncharacter -> org.hibernate.type.CharacterNCharType@71984c3
11:35:15.612 [main] DEBUG org.hibernate.type.BasicTypeRegistry - Adding type registration url -> org.hibernate.type.UrlType@2364305a
11:35:15.612 [main] DEBUG org.hibernate.type.BasicTypeRegistry - Adding type registration java.net.URL -> org.hibernate.type.UrlType@2364305a
11:35:15.617 [main] DEBUG org.hibernate.type.BasicTypeRegistry - Adding type registration Duration -> org.hibernate.type.DurationType@3f1c5af9
11:35:15.617 [main] DEBUG org.hibernate.type.BasicTypeRegistry - Adding type registration java.time.Duration -> org.hibernate.type.DurationType@3f1c5af9
11:35:15.633 [main] DEBUG org.hibernate.type.BasicTypeRegistry - Adding type registration Instant -> org.hibernate.type.InstantType@3fc9dfc5
11:35:15.633 [main] DEBUG org.hibernate.type.BasicTypeRegistry - Adding type registration java.time.Instant -> org.hibernate.type.InstantType@3fc9dfc5
11:35:15.641 [main] DEBUG org.hibernate.type.BasicTypeRegistry - Adding type registration LocalDateTime -> org.hibernate.type.LocalDateTimeType@7adf16aa
11:35:15.641 [main] DEBUG org.hibernate.type.BasicTypeRegistry - Adding type registration java.time.LocalDateTime -> org.hibernate.type.LocalDateTimeType@7adf16aa
11:35:15.643 [main] DEBUG org.hibernate.type.BasicTypeRegistry - Adding type registration LocalDate -> org.hibernate.type.LocalDateType@4ba534b0
11:35:15.643 [main] DEBUG org.hibernate.type.BasicTypeRegistry - Adding type registration java.time.LocalDate -> org.hibernate.type.LocalDateType@4ba534b0
11:35:15.643 [main] DEBUG org.hibernate.type.BasicTypeRegistry - Adding type registration LocalTime -> org.hibernate.type.LocalTimeType@44e3760b
11:35:15.643 [main] DEBUG org.hibernate.type.BasicTypeRegistry - Adding type registration java.time.LocalTime -> org.hibernate.type.LocalTimeType@44e3760b
11:35:15.651 [main] DEBUG org.hibernate.type.BasicTypeRegistry - Adding type registration OffsetDateTime -> org.hibernate.type.OffsetDateTimeType@1ddae9b5
11:35:15.651 [main] DEBUG org.hibernate.type.BasicTypeRegistry - Adding type registration java.time.OffsetDateTime -> org.hibernate.type.OffsetDateTimeType@1ddae9b5
11:35:15.653 [main] DEBUG org.hibernate.type.BasicTypeRegistry - Adding type registration OffsetTime -> org.hibernate.type.OffsetTimeType@2c7d121c
11:35:15.653 [main] DEBUG org.hibernate.type.BasicTypeRegistry - Adding type registration java.time.OffsetTime -> org.hibernate.type.OffsetTimeType@2c7d121c
11:35:15.661 [main] DEBUG org.hibernate.type.BasicTypeRegistry - Adding type registration ZonedDateTime -> org.hibernate.type.ZonedDateTimeType@46f699d5
11:35:15.661 [main] DEBUG org.hibernate.type.BasicTypeRegistry - Adding type registration java.time.ZonedDateTime -> org.hibernate.type.ZonedDateTimeType@46f699d5
11:35:15.663 [main] DEBUG org.hibernate.type.BasicTypeRegistry - Adding type registration date -> org.hibernate.type.DateType@162be91c
11:35:15.663 [main] DEBUG org.hibernate.type.BasicTypeRegistry - Adding type registration java.sql.Date -> org.hibernate.type.DateType@162be91c
11:35:15.663 [main] DEBUG org.hibernate.type.BasicTypeRegistry - Adding type registration time -> org.hibernate.type.TimeType@7db82169
11:35:15.663 [main] DEBUG org.hibernate.type.BasicTypeRegistry - Adding type registration java.sql.Time -> org.hibernate.type.TimeType@7db82169
11:35:15.671 [main] DEBUG org.hibernate.type.BasicTypeRegistry - Adding type registration timestamp -> org.hibernate.type.TimestampType@31e3250d
11:35:15.671 [main] DEBUG org.hibernate.type.BasicTypeRegistry - Adding type registration java.sql.Timestamp -> org.hibernate.type.TimestampType@31e3250d
11:35:15.671 [main] DEBUG org.hibernate.type.BasicTypeRegistry - Adding type registration java.util.Date -> org.hibernate.type.TimestampType@31e3250d
11:35:15.673 [main] DEBUG org.hibernate.type.BasicTypeRegistry - Adding type registration dbtimestamp -> org.hibernate.type.DbTimestampType@5be067de
11:35:15.673 [main] DEBUG org.hibernate.type.BasicTypeRegistry - Adding type registration calendar -> org.hibernate.type.CalendarType@48c35007
11:35:15.673 [main] DEBUG org.hibernate.type.BasicTypeRegistry - Adding type registration java.util.Calendar -> org.hibernate.type.CalendarType@48c35007
11:35:15.673 [main] DEBUG org.hibernate.type.BasicTypeRegistry - Adding type registration java.util.GregorianCalendar -> org.hibernate.type.CalendarType@48c35007
11:35:15.673 [main] DEBUG org.hibernate.type.BasicTypeRegistry - Adding type registration calendar_date -> org.hibernate.type.CalendarDateType@18f20260
11:35:15.681 [main] DEBUG org.hibernate.type.BasicTypeRegistry - Adding type registration calendar_time -> org.hibernate.type.CalendarTimeType@5049d8b2
11:35:15.683 [main] DEBUG org.hibernate.type.BasicTypeRegistry - Adding type registration locale -> org.hibernate.type.LocaleType@346a361
11:35:15.683 [main] DEBUG org.hibernate.type.BasicTypeRegistry - Adding type registration java.util.Locale -> org.hibernate.type.LocaleType@346a361
11:35:15.683 [main] DEBUG org.hibernate.type.BasicTypeRegistry - Adding type registration currency -> org.hibernate.type.CurrencyType@482d776b
11:35:15.683 [main] DEBUG org.hibernate.type.BasicTypeRegistry - Adding type registration java.util.Currency -> org.hibernate.type.CurrencyType@482d776b
11:35:15.683 [main] DEBUG org.hibernate.type.BasicTypeRegistry - Adding type registration timezone -> org.hibernate.type.TimeZoneType@5bf22f18
11:35:15.683 [main] DEBUG org.hibernate.type.BasicTypeRegistry - Adding type registration java.util.TimeZone -> org.hibernate.type.TimeZoneType@5bf22f18
11:35:15.683 [main] DEBUG org.hibernate.type.BasicTypeRegistry - Adding type registration class -> org.hibernate.type.ClassType@3efe7086
11:35:15.691 [main] DEBUG org.hibernate.type.BasicTypeRegistry - Adding type registration java.lang.Class -> org.hibernate.type.ClassType@3efe7086
11:35:15.691 [main] DEBUG org.hibernate.type.BasicTypeRegistry - Adding type registration uuid-binary -> org.hibernate.type.UUIDBinaryType@68d6972f
11:35:15.691 [main] DEBUG org.hibernate.type.BasicTypeRegistry - Adding type registration java.util.UUID -> org.hibernate.type.UUIDBinaryType@68d6972f
11:35:15.693 [main] DEBUG org.hibernate.type.BasicTypeRegistry - Adding type registration uuid-char -> org.hibernate.type.UUIDCharType@3185fa6b
11:35:15.693 [main] DEBUG org.hibernate.type.BasicTypeRegistry - Adding type registration binary -> org.hibernate.type.BinaryType@64beebb7
11:35:15.693 [main] DEBUG org.hibernate.type.BasicTypeRegistry - Adding type registration byte[] -> org.hibernate.type.BinaryType@64beebb7
11:35:15.693 [main] DEBUG org.hibernate.type.BasicTypeRegistry - Adding type registration [B -> org.hibernate.type.BinaryType@64beebb7
11:35:15.693 [main] DEBUG org.hibernate.type.BasicTypeRegistry - Adding type registration wrapper-binary -> org.hibernate.type.WrapperBinaryType@545de5a4
11:35:15.693 [main] DEBUG org.hibernate.type.BasicTypeRegistry - Adding type registration Byte[] -> org.hibernate.type.WrapperBinaryType@545de5a4
11:35:15.693 [main] DEBUG org.hibernate.type.BasicTypeRegistry - Adding type registration [Ljava.lang.Byte; -> org.hibernate.type.WrapperBinaryType@545de5a4
11:35:15.721 [main] DEBUG org.hibernate.type.BasicTypeRegistry - Adding type registration row_version -> org.hibernate.type.RowVersionType@569bf9eb
11:35:15.723 [main] DEBUG org.hibernate.type.BasicTypeRegistry - Adding type registration image -> org.hibernate.type.ImageType@76ba13c
11:35:15.723 [main] DEBUG org.hibernate.type.BasicTypeRegistry - Adding type registration characters -> org.hibernate.type.CharArrayType@7e985ce9
11:35:15.731 [main] DEBUG org.hibernate.type.BasicTypeRegistry - Adding type registration char[] -> org.hibernate.type.CharArrayType@7e985ce9
11:35:15.733 [main] DEBUG org.hibernate.type.BasicTypeRegistry - Adding type registration [C -> org.hibernate.type.CharArrayType@7e985ce9
11:35:15.733 [main] DEBUG org.hibernate.type.BasicTypeRegistry - Adding type registration wrapper-characters -> org.hibernate.type.CharacterArrayType@68759011
11:35:15.733 [main] DEBUG org.hibernate.type.BasicTypeRegistry - Adding type registration [Ljava.lang.Character; -> org.hibernate.type.CharacterArrayType@68759011
11:35:15.733 [main] DEBUG org.hibernate.type.BasicTypeRegistry - Adding type registration Character[] -> org.hibernate.type.CharacterArrayType@68759011
11:35:15.733 [main] DEBUG org.hibernate.type.BasicTypeRegistry - Adding type registration text -> org.hibernate.type.TextType@592e843a
11:35:15.733 [main] DEBUG org.hibernate.type.BasicTypeRegistry - Adding type registration ntext -> org.hibernate.type.NTextType@6e16b8b5
11:35:15.741 [main] DEBUG org.hibernate.type.BasicTypeRegistry - Adding type registration blob -> org.hibernate.type.BlobType@44c79f32
11:35:15.741 [main] DEBUG org.hibernate.type.BasicTypeRegistry - Adding type registration java.sql.Blob -> org.hibernate.type.BlobType@44c79f32
11:35:15.743 [main] DEBUG org.hibernate.type.BasicTypeRegistry - Adding type registration materialized_blob -> org.hibernate.type.MaterializedBlobType@743cb8e0
11:35:15.743 [main] DEBUG org.hibernate.type.BasicTypeRegistry - Adding type registration clob -> org.hibernate.type.ClobType@52b56a3e
11:35:15.743 [main] DEBUG org.hibernate.type.BasicTypeRegistry - Adding type registration java.sql.Clob -> org.hibernate.type.ClobType@52b56a3e
11:35:15.743 [main] DEBUG org.hibernate.type.BasicTypeRegistry - Adding type registration nclob -> org.hibernate.type.NClobType@5241cf67
11:35:15.743 [main] DEBUG org.hibernate.type.BasicTypeRegistry - Adding type registration java.sql.NClob -> org.hibernate.type.NClobType@5241cf67
11:35:15.743 [main] DEBUG org.hibernate.type.BasicTypeRegistry - Adding type registration materialized_clob -> org.hibernate.type.MaterializedClobType@226642a5
11:35:15.743 [main] DEBUG org.hibernate.type.BasicTypeRegistry - Adding type registration materialized_nclob -> org.hibernate.type.MaterializedNClobType@625e134e
11:35:15.753 [main] DEBUG org.hibernate.type.BasicTypeRegistry - Adding type registration serializable -> org.hibernate.type.SerializableType@119f1f2a
11:35:15.753 [main] DEBUG org.hibernate.type.BasicTypeRegistry - Adding type registration object -> org.hibernate.type.ObjectType@4e76dac
11:35:15.753 [main] DEBUG org.hibernate.type.BasicTypeRegistry - Adding type registration java.lang.Object -> org.hibernate.type.ObjectType@4e76dac
11:35:15.753 [main] DEBUG org.hibernate.type.BasicTypeRegistry - Adding type registration imm_date -> org.hibernate.type.AdaptedImmutableType@6273c5a4
11:35:15.753 [main] DEBUG org.hibernate.type.BasicTypeRegistry - Adding type registration imm_time -> org.hibernate.type.AdaptedImmutableType@5d465e4b
11:35:15.753 [main] DEBUG org.hibernate.type.BasicTypeRegistry - Adding type registration imm_timestamp -> org.hibernate.type.AdaptedImmutableType@53e211ee
11:35:15.762 [main] DEBUG org.hibernate.type.BasicTypeRegistry - Adding type registration imm_dbtimestamp -> org.hibernate.type.AdaptedImmutableType@41a90fa8
11:35:15.762 [main] DEBUG org.hibernate.type.BasicTypeRegistry - Adding type registration imm_calendar -> org.hibernate.type.AdaptedImmutableType@3d8bbcdc
11:35:15.762 [main] DEBUG org.hibernate.type.BasicTypeRegistry - Adding type registration imm_calendar_date -> org.hibernate.type.AdaptedImmutableType@52500920
11:35:15.764 [main] DEBUG org.hibernate.type.BasicTypeRegistry - Adding type registration imm_binary -> org.hibernate.type.AdaptedImmutableType@117e0fe5
11:35:15.764 [main] DEBUG org.hibernate.type.BasicTypeRegistry - Adding type registration imm_serializable -> org.hibernate.type.AdaptedImmutableType@18a3962d
11:35:15.782 [main] DEBUG org.hibernate.boot.internal.BootstrapContextImpl - Injecting JPA temp ClassLoader [org.springframework.instrument.classloading.SimpleThrowawayClassLoader@1e044120] into BootstrapContext; was [null]
11:35:15.784 [main] DEBUG org.hibernate.boot.internal.ClassLoaderAccessImpl - ClassLoaderAccessImpl#injectTempClassLoader(org.springframework.instrument.classloading.SimpleThrowawayClassLoader@1e044120) [was null]
11:35:15.784 [main] DEBUG org.hibernate.boot.internal.BootstrapContextImpl - Injecting ScanEnvironment [org.hibernate.jpa.boot.internal.StandardJpaScanEnvironmentImpl@35fe2125] into BootstrapContext; was [null]
11:35:15.784 [main] DEBUG org.hibernate.boot.internal.BootstrapContextImpl - Injecting ScanOptions [org.hibernate.boot.archive.scan.internal.StandardScanOptions@94f6bfb] into BootstrapContext; was [org.hibernate.boot.archive.scan.internal.StandardScanOptions@34645867]
11:35:15.884 [main] DEBUG org.hibernate.boot.internal.BootstrapContextImpl - Injecting JPA temp ClassLoader [null] into BootstrapContext; was [org.springframework.instrument.classloading.SimpleThrowawayClassLoader@1e044120]
11:35:15.884 [main] DEBUG org.hibernate.boot.internal.ClassLoaderAccessImpl - ClassLoaderAccessImpl#injectTempClassLoader(null) [was org.springframework.instrument.classloading.SimpleThrowawayClassLoader@1e044120]
11:35:15.905 [main] DEBUG org.hibernate.id.factory.internal.DefaultIdentifierGeneratorFactory - Registering IdentifierGenerator strategy [uuid2] -> [org.hibernate.id.UUIDGenerator]
11:35:15.905 [main] DEBUG org.hibernate.id.factory.internal.DefaultIdentifierGeneratorFactory - Registering IdentifierGenerator strategy [guid] -> [org.hibernate.id.GUIDGenerator]
11:35:15.913 [main] DEBUG org.hibernate.id.factory.internal.DefaultIdentifierGeneratorFactory - Registering IdentifierGenerator strategy [uuid] -> [org.hibernate.id.UUIDHexGenerator]
11:35:15.913 [main] DEBUG org.hibernate.id.factory.internal.DefaultIdentifierGeneratorFactory - Registering IdentifierGenerator strategy [uuid.hex] -> [org.hibernate.id.UUIDHexGenerator]
11:35:15.913 [main] DEBUG org.hibernate.id.factory.internal.DefaultIdentifierGeneratorFactory - Registering IdentifierGenerator strategy [assigned] -> [org.hibernate.id.Assigned]
11:35:15.915 [main] DEBUG org.hibernate.id.factory.internal.DefaultIdentifierGeneratorFactory - Registering IdentifierGenerator strategy [identity] -> [org.hibernate.id.IdentityGenerator]
11:35:15.915 [main] DEBUG org.hibernate.id.factory.internal.DefaultIdentifierGeneratorFactory - Registering IdentifierGenerator strategy [select] -> [org.hibernate.id.SelectGenerator]
11:35:15.915 [main] DEBUG org.hibernate.id.factory.internal.DefaultIdentifierGeneratorFactory - Registering IdentifierGenerator strategy [sequence] -> [org.hibernate.id.enhanced.SequenceStyleGenerator]
11:35:15.915 [main] DEBUG org.hibernate.id.factory.internal.DefaultIdentifierGeneratorFactory - Registering IdentifierGenerator strategy [seqhilo] -> [org.hibernate.id.SequenceHiLoGenerator]
11:35:15.915 [main] DEBUG org.hibernate.id.factory.internal.DefaultIdentifierGeneratorFactory - Registering IdentifierGenerator strategy [increment] -> [org.hibernate.id.IncrementGenerator]
11:35:15.915 [main] DEBUG org.hibernate.id.factory.internal.DefaultIdentifierGeneratorFactory - Registering IdentifierGenerator strategy [foreign] -> [org.hibernate.id.ForeignGenerator]
11:35:15.923 [main] DEBUG org.hibernate.id.factory.internal.DefaultIdentifierGeneratorFactory - Registering IdentifierGenerator strategy [sequence-identity] -> [org.hibernate.id.SequenceIdentityGenerator]
11:35:15.925 [main] DEBUG org.hibernate.id.factory.internal.DefaultIdentifierGeneratorFactory - Registering IdentifierGenerator strategy [enhanced-sequence] -> [org.hibernate.id.enhanced.SequenceStyleGenerator]
11:35:15.925 [main] DEBUG org.hibernate.id.factory.internal.DefaultIdentifierGeneratorFactory - Registering IdentifierGenerator strategy [enhanced-table] -> [org.hibernate.id.enhanced.TableGenerator]
11:35:15.945 [main] DEBUG com.zaxxer.hikari.HikariConfig - HikariPool-1 - configuration:
11:35:15.955 [main] DEBUG com.zaxxer.hikari.HikariConfig - allowPoolSuspension................................false
11:35:15.955 [main] DEBUG com.zaxxer.hikari.HikariConfig - autoCommit................................true
11:35:15.955 [main] DEBUG com.zaxxer.hikari.HikariConfig - catalog................................none
11:35:15.955 [main] DEBUG com.zaxxer.hikari.HikariConfig - connectionInitSql................................none
11:35:15.955 [main] DEBUG com.zaxxer.hikari.HikariConfig - connectionTestQuery................................none
11:35:15.955 [main] DEBUG com.zaxxer.hikari.HikariConfig - connectionTimeout................................30000
11:35:15.955 [main] DEBUG com.zaxxer.hikari.HikariConfig - dataSource................................none
11:35:15.955 [main] DEBUG com.zaxxer.hikari.HikariConfig - dataSourceClassName................................none
11:35:15.955 [main] DEBUG com.zaxxer.hikari.HikariConfig - dataSourceJNDI................................none
11:35:15.955 [main] DEBUG com.zaxxer.hikari.HikariConfig - dataSourceProperties................................{password=<masked>}
11:35:15.955 [main] DEBUG com.zaxxer.hikari.HikariConfig - driverClassName................................"org.h2.Driver"
11:35:15.955 [main] DEBUG com.zaxxer.hikari.HikariConfig - exceptionOverrideClassName................................none
11:35:15.955 [main] DEBUG com.zaxxer.hikari.HikariConfig - healthCheckProperties................................{}
11:35:15.955 [main] DEBUG com.zaxxer.hikari.HikariConfig - healthCheckRegistry................................none
11:35:15.955 [main] DEBUG com.zaxxer.hikari.HikariConfig - idleTimeout................................600000
11:35:15.955 [main] DEBUG com.zaxxer.hikari.HikariConfig - initializationFailTimeout................................1
11:35:15.965 [main] DEBUG com.zaxxer.hikari.HikariConfig - isolateInternalQueries................................false
11:35:15.965 [main] DEBUG com.zaxxer.hikari.HikariConfig - jdbcUrl................................jdbc:h2:mem:testdb
11:35:15.965 [main] DEBUG com.zaxxer.hikari.HikariConfig - keepaliveTime................................0
11:35:15.965 [main] DEBUG com.zaxxer.hikari.HikariConfig - leakDetectionThreshold................................0
11:35:15.965 [main] DEBUG com.zaxxer.hikari.HikariConfig - maxLifetime................................1800000
11:35:15.965 [main] DEBUG com.zaxxer.hikari.HikariConfig - maximumPoolSize................................10
11:35:15.965 [main] DEBUG com.zaxxer.hikari.HikariConfig - metricRegistry................................none
11:35:15.965 [main] DEBUG com.zaxxer.hikari.HikariConfig - metricsTrackerFactory................................none
11:35:15.965 [main] DEBUG com.zaxxer.hikari.HikariConfig - minimumIdle................................10
11:35:15.965 [main] DEBUG com.zaxxer.hikari.HikariConfig - password................................<masked>
11:35:15.965 [main] DEBUG com.zaxxer.hikari.HikariConfig - poolName................................"HikariPool-1"
11:35:15.965 [main] DEBUG com.zaxxer.hikari.HikariConfig - readOnly................................false
11:35:15.965 [main] DEBUG com.zaxxer.hikari.HikariConfig - registerMbeans................................false
11:35:15.965 [main] DEBUG com.zaxxer.hikari.HikariConfig - scheduledExecutor................................none
11:35:15.965 [main] DEBUG com.zaxxer.hikari.HikariConfig - schema................................none
11:35:15.965 [main] DEBUG com.zaxxer.hikari.HikariConfig - threadFactory................................internal
11:35:15.965 [main] DEBUG com.zaxxer.hikari.HikariConfig - transactionIsolation................................default
11:35:15.965 [main] DEBUG com.zaxxer.hikari.HikariConfig - username................................"sa"
11:35:15.965 [main] DEBUG com.zaxxer.hikari.HikariConfig - validationTimeout................................5000
11:35:15.965 [main] INFO com.zaxxer.hikari.HikariDataSource - HikariPool-1 - Starting...
11:35:16.479 [main] DEBUG com.zaxxer.hikari.pool.HikariPool - HikariPool-1 - Added connection conn0: url=jdbc:h2:mem:testdb user=SA
11:35:16.479 [main] INFO com.zaxxer.hikari.HikariDataSource - HikariPool-1 - Start completed.
11:35:16.499 [main] DEBUG org.hibernate.engine.jdbc.env.internal.JdbcEnvironmentInitiator - Database ->
       name : H2
    version : 1.4.200 (2019-10-14)
      major : 1
      minor : 4
11:35:16.499 [main] DEBUG org.hibernate.engine.jdbc.env.internal.JdbcEnvironmentInitiator - Driver ->
       name : H2 JDBC Driver
    version : 1.4.200 (2019-10-14)
      major : 1
      minor : 4
11:35:16.499 [main] DEBUG org.hibernate.engine.jdbc.env.internal.JdbcEnvironmentInitiator - JDBC version : 4.1
11:35:16.529 [main] INFO org.hibernate.dialect.Dialect - HHH000400: Using dialect: org.hibernate.dialect.H2Dialect
11:35:16.588 [HikariPool-1 housekeeper] DEBUG com.zaxxer.hikari.pool.HikariPool - HikariPool-1 - Pool stats (total=1, active=1, idle=0, waiting=0)
11:35:16.630 [main] DEBUG org.hibernate.engine.jdbc.env.spi.IdentifierHelperBuilder - JDBC driver metadata reported database stores quoted identifiers in neither upper, lower nor mixed case
11:35:16.680 [HikariPool-1 connection adder] DEBUG com.zaxxer.hikari.pool.HikariPool - HikariPool-1 - Added connection conn1: url=jdbc:h2:mem:testdb user=SA
11:35:16.680 [HikariPool-1 connection adder] DEBUG com.zaxxer.hikari.pool.HikariPool - HikariPool-1 - Added connection conn2: url=jdbc:h2:mem:testdb user=SA
11:35:16.691 [HikariPool-1 connection adder] DEBUG com.zaxxer.hikari.pool.HikariPool - HikariPool-1 - Added connection conn3: url=jdbc:h2:mem:testdb user=SA
11:35:16.691 [HikariPool-1 connection adder] DEBUG com.zaxxer.hikari.pool.HikariPool - HikariPool-1 - Added connection conn4: url=jdbc:h2:mem:testdb user=SA
11:35:16.691 [HikariPool-1 connection adder] DEBUG com.zaxxer.hikari.pool.HikariPool - HikariPool-1 - Added connection conn5: url=jdbc:h2:mem:testdb user=SA
11:35:16.701 [HikariPool-1 connection adder] DEBUG com.zaxxer.hikari.pool.HikariPool - HikariPool-1 - Added connection conn6: url=jdbc:h2:mem:testdb user=SA
11:35:16.701 [HikariPool-1 connection adder] DEBUG com.zaxxer.hikari.pool.HikariPool - HikariPool-1 - Added connection conn7: url=jdbc:h2:mem:testdb user=SA
11:35:16.701 [HikariPool-1 connection adder] DEBUG com.zaxxer.hikari.pool.HikariPool - HikariPool-1 - Added connection conn8: url=jdbc:h2:mem:testdb user=SA
11:35:16.701 [HikariPool-1 connection adder] DEBUG com.zaxxer.hikari.pool.HikariPool - HikariPool-1 - Added connection conn9: url=jdbc:h2:mem:testdb user=SA
11:35:16.701 [HikariPool-1 connection adder] DEBUG com.zaxxer.hikari.pool.HikariPool - HikariPool-1 - After adding stats (total=10, active=0, idle=10, waiting=0)
11:35:16.751 [main] DEBUG org.hibernate.type.spi.TypeConfiguration$Scope - Scoping TypeConfiguration [org.hibernate.type.spi.TypeConfiguration@511d5d04] to MetadataBuildingContext [org.hibernate.boot.internal.MetadataBuildingContextRootImpl@682c1e93]
11:35:16.852 [main] DEBUG org.hibernate.boot.model.relational.Namespace - Created database namespace [logicalName=Name{catalog=null, schema=null}, physicalName=Name{catalog=null, schema=null}]
11:35:16.880 [main] DEBUG org.hibernate.boot.model.source.internal.annotations.AnnotationMetadataSourceProcessorImpl - Skipping explicit MappedSuperclass cm.pak.models.security.base.ItemModel, the class will be discovered analyzing the implementing class
11:35:16.902 [main] DEBUG org.hibernate.cfg.AnnotationBinder - Binding entity from annotated class: cm.pak.models.security.AccesRigth
11:35:16.962 [main] DEBUG org.hibernate.cfg.Ejb3Column - Binding column: Ejb3DiscriminatorColumn{logicalColumnName'DTYPE', discriminatorTypeName='string'}
11:35:16.973 [main] DEBUG org.hibernate.cfg.annotations.EntityBinder - Import with entity name AccesRigth
11:35:16.981 [main] DEBUG org.hibernate.cfg.annotations.EntityBinder - Bind entity cm.pak.models.security.AccesRigth on table t_acri
11:35:17.013 [main] DEBUG org.hibernate.cfg.Ejb3Column - Binding column: Ejb3Column{table=org.hibernate.mapping.Table(t_acri), mappingColumn=p_pk, insertable=true, updatable=false, unique=false}
11:35:17.021 [main] DEBUG org.hibernate.boot.internal.ClassLoaderAccessImpl - Not known whether passed class name [cm.pak.models.security.AccesRigth] is safe
11:35:17.021 [main] DEBUG org.hibernate.boot.internal.ClassLoaderAccessImpl - No temp ClassLoader provided; using live ClassLoader for loading potentially unsafe class : cm.pak.models.security.AccesRigth
11:35:17.024 [main] DEBUG org.hibernate.cfg.annotations.PropertyBinder - MetadataSourceProcessor property pk with lazy=false
11:35:17.024 [main] DEBUG org.hibernate.cfg.AbstractPropertyHolder - Attempting to locate auto-apply AttributeConverter for property [cm.pak.models.security.AccesRigth:pk]
11:35:17.024 [main] DEBUG org.hibernate.cfg.annotations.SimpleValueBinder - building SimpleValue for pk
11:35:17.032 [main] DEBUG org.hibernate.cfg.annotations.PropertyBinder - Building property pk
11:35:17.034 [main] DEBUG org.hibernate.cfg.BinderHelper - #makeIdGenerator(org.hibernate.mapping.SimpleValue([org.hibernate.mapping.Column(p_pk)]), pk, identity, , ...)
11:35:17.034 [main] DEBUG org.hibernate.cfg.Ejb3Column - Binding column: Ejb3Column{table=org.hibernate.mapping.Table(t_acri), mappingColumn=p_create, insertable=true, updatable=false, unique=false}
11:35:17.034 [main] DEBUG org.hibernate.cfg.annotations.PropertyBinder - MetadataSourceProcessor property create with lazy=false
11:35:17.034 [main] DEBUG org.hibernate.cfg.AbstractPropertyHolder - Attempting to locate auto-apply AttributeConverter for property [cm.pak.models.security.AccesRigth:create]
11:35:17.034 [main] DEBUG org.hibernate.cfg.annotations.SimpleValueBinder - building SimpleValue for create
11:35:17.034 [main] DEBUG org.hibernate.cfg.annotations.PropertyBinder - Building property create
11:35:17.034 [main] DEBUG org.hibernate.cfg.Ejb3Column - Binding column: Ejb3Column{table=org.hibernate.mapping.Table(t_acri), mappingColumn=p_update, insertable=true, updatable=true, unique=false}
11:35:17.034 [main] DEBUG org.hibernate.cfg.annotations.PropertyBinder - MetadataSourceProcessor property update with lazy=false
11:35:17.034 [main] DEBUG org.hibernate.cfg.AbstractPropertyHolder - Attempting to locate auto-apply AttributeConverter for property [cm.pak.models.security.AccesRigth:update]
11:35:17.034 [main] DEBUG org.hibernate.cfg.annotations.SimpleValueBinder - building SimpleValue for update
11:35:17.034 [main] DEBUG org.hibernate.cfg.annotations.PropertyBinder - Building property update
11:35:17.042 [main] DEBUG org.hibernate.cfg.Ejb3Column - Binding column: Ejb3Column{table=org.hibernate.mapping.Table(t_acri), mappingColumn=t_cre, insertable=true, updatable=true, unique=false}
11:35:17.042 [main] DEBUG org.hibernate.cfg.annotations.PropertyBinder - MetadataSourceProcessor property cancreate with lazy=false
11:35:17.042 [main] DEBUG org.hibernate.cfg.AbstractPropertyHolder - Attempting to locate auto-apply AttributeConverter for property [cm.pak.models.security.AccesRigth:cancreate]
11:35:17.042 [main] DEBUG org.hibernate.cfg.annotations.SimpleValueBinder - building SimpleValue for cancreate
11:35:17.042 [main] DEBUG org.hibernate.cfg.annotations.PropertyBinder - Building property cancreate
11:35:17.042 [main] DEBUG org.hibernate.cfg.Ejb3Column - Binding column: Ejb3Column{table=org.hibernate.mapping.Table(t_acri), mappingColumn=t_del, insertable=true, updatable=true, unique=false}
11:35:17.042 [main] DEBUG org.hibernate.cfg.annotations.PropertyBinder - MetadataSourceProcessor property candelete with lazy=false
11:35:17.042 [main] DEBUG org.hibernate.cfg.AbstractPropertyHolder - Attempting to locate auto-apply AttributeConverter for property [cm.pak.models.security.AccesRigth:candelete]
11:35:17.042 [main] DEBUG org.hibernate.cfg.annotations.SimpleValueBinder - building SimpleValue for candelete
11:35:17.042 [main] DEBUG org.hibernate.cfg.annotations.PropertyBinder - Building property candelete
11:35:17.042 [main] DEBUG org.hibernate.cfg.Ejb3Column - Binding column: Ejb3Column{table=org.hibernate.mapping.Table(t_acri), mappingColumn=t_rea, insertable=true, updatable=true, unique=false}
11:35:17.042 [main] DEBUG org.hibernate.cfg.annotations.PropertyBinder - MetadataSourceProcessor property canread with lazy=false
11:35:17.042 [main] DEBUG org.hibernate.cfg.AbstractPropertyHolder - Attempting to locate auto-apply AttributeConverter for property [cm.pak.models.security.AccesRigth:canread]
11:35:17.042 [main] DEBUG org.hibernate.cfg.annotations.SimpleValueBinder - building SimpleValue for canread
11:35:17.044 [main] DEBUG org.hibernate.cfg.annotations.PropertyBinder - Building property canread
11:35:17.044 [main] DEBUG org.hibernate.cfg.Ejb3Column - Binding column: Ejb3Column{table=org.hibernate.mapping.Table(t_acri), mappingColumn=t_wri, insertable=true, updatable=true, unique=false}
11:35:17.044 [main] DEBUG org.hibernate.cfg.annotations.PropertyBinder - MetadataSourceProcessor property canwrite with lazy=false
11:35:17.044 [main] DEBUG org.hibernate.cfg.AbstractPropertyHolder - Attempting to locate auto-apply AttributeConverter for property [cm.pak.models.security.AccesRigth:canwrite]
11:35:17.044 [main] DEBUG org.hibernate.cfg.annotations.SimpleValueBinder - building SimpleValue for canwrite
11:35:17.044 [main] DEBUG org.hibernate.cfg.annotations.PropertyBinder - Building property canwrite
11:35:17.044 [main] DEBUG org.hibernate.cfg.Ejb3Column - Binding column: Ejb3Column{table=org.hibernate.mapping.Table(t_acri), mappingColumn=t_lab, insertable=true, updatable=true, unique=false}
11:35:17.044 [main] DEBUG org.hibernate.cfg.annotations.PropertyBinder - MetadataSourceProcessor property label with lazy=false
11:35:17.044 [main] DEBUG org.hibernate.cfg.AbstractPropertyHolder - Attempting to locate auto-apply AttributeConverter for property [cm.pak.models.security.AccesRigth:label]
11:35:17.044 [main] DEBUG org.hibernate.cfg.annotations.SimpleValueBinder - building SimpleValue for label
11:35:17.044 [main] DEBUG org.hibernate.cfg.annotations.PropertyBinder - Building property label
11:35:17.044 [main] DEBUG org.hibernate.cfg.Ejb3Column - Binding column: Ejb3Column{table=org.hibernate.mapping.Table(t_acri), mappingColumn=t_nam, insertable=true, updatable=true, unique=false}
11:35:17.044 [main] DEBUG org.hibernate.cfg.annotations.PropertyBinder - MetadataSourceProcessor property name with lazy=false
11:35:17.044 [main] DEBUG org.hibernate.cfg.AbstractPropertyHolder - Attempting to locate auto-apply AttributeConverter for property [cm.pak.models.security.AccesRigth:name]
11:35:17.044 [main] DEBUG org.hibernate.cfg.annotations.SimpleValueBinder - building SimpleValue for name
11:35:17.044 [main] DEBUG org.hibernate.cfg.annotations.PropertyBinder - Building property name
11:35:17.054 [main] DEBUG org.hibernate.cfg.AnnotationBinder - Binding entity from annotated class: cm.pak.models.core.ExtensionModel
11:35:17.054 [main] DEBUG org.hibernate.cfg.Ejb3Column - Binding column: Ejb3DiscriminatorColumn{logicalColumnName'DTYPE', discriminatorTypeName='string'}
11:35:17.054 [main] DEBUG org.hibernate.cfg.annotations.EntityBinder - Import with entity name ExtensionModel
11:35:17.054 [main] DEBUG org.hibernate.cfg.annotations.EntityBinder - Bind entity cm.pak.models.core.ExtensionModel on table t_ext
11:35:17.081 [main] DEBUG org.hibernate.cfg.Ejb3Column - Binding column: Ejb3Column{table=org.hibernate.mapping.Table(t_ext), mappingColumn=p_pk, insertable=true, updatable=false, unique=false}
11:35:17.083 [main] DEBUG org.hibernate.boot.internal.ClassLoaderAccessImpl - Not known whether passed class name [cm.pak.models.core.ExtensionModel] is safe
11:35:17.083 [main] DEBUG org.hibernate.boot.internal.ClassLoaderAccessImpl - No temp ClassLoader provided; using live ClassLoader for loading potentially unsafe class : cm.pak.models.core.ExtensionModel
11:35:17.083 [main] DEBUG org.hibernate.cfg.annotations.PropertyBinder - MetadataSourceProcessor property pk with lazy=false
11:35:17.083 [main] DEBUG org.hibernate.cfg.AbstractPropertyHolder - Attempting to locate auto-apply AttributeConverter for property [cm.pak.models.core.ExtensionModel:pk]
11:35:17.083 [main] DEBUG org.hibernate.cfg.annotations.SimpleValueBinder - building SimpleValue for pk
11:35:17.083 [main] DEBUG org.hibernate.cfg.annotations.PropertyBinder - Building property pk
11:35:17.083 [main] DEBUG org.hibernate.cfg.BinderHelper - #makeIdGenerator(org.hibernate.mapping.SimpleValue([org.hibernate.mapping.Column(p_pk)]), pk, identity, , ...)
11:35:17.084 [main] DEBUG org.hibernate.cfg.Ejb3Column - Binding column: Ejb3Column{table=org.hibernate.mapping.Table(t_ext), mappingColumn=p_create, insertable=true, updatable=false, unique=false}
11:35:17.084 [main] DEBUG org.hibernate.cfg.annotations.PropertyBinder - MetadataSourceProcessor property create with lazy=false
11:35:17.084 [main] DEBUG org.hibernate.cfg.AbstractPropertyHolder - Attempting to locate auto-apply AttributeConverter for property [cm.pak.models.core.ExtensionModel:create]
11:35:17.084 [main] DEBUG org.hibernate.cfg.annotations.SimpleValueBinder - building SimpleValue for create
11:35:17.084 [main] DEBUG org.hibernate.cfg.annotations.PropertyBinder - Building property create
11:35:17.084 [main] DEBUG org.hibernate.cfg.Ejb3Column - Binding column: Ejb3Column{table=org.hibernate.mapping.Table(t_ext), mappingColumn=p_update, insertable=true, updatable=true, unique=false}
11:35:17.084 [main] DEBUG org.hibernate.cfg.annotations.PropertyBinder - MetadataSourceProcessor property update with lazy=false
11:35:17.084 [main] DEBUG org.hibernate.cfg.AbstractPropertyHolder - Attempting to locate auto-apply AttributeConverter for property [cm.pak.models.core.ExtensionModel:update]
11:35:17.084 [main] DEBUG org.hibernate.cfg.annotations.SimpleValueBinder - building SimpleValue for update
11:35:17.084 [main] DEBUG org.hibernate.cfg.annotations.PropertyBinder - Building property update
11:35:17.084 [main] DEBUG org.hibernate.cfg.Ejb3Column - Binding column: Ejb3Column{table=org.hibernate.mapping.Table(t_ext), mappingColumn=t_code, insertable=true, updatable=false, unique=true}
11:35:17.084 [main] DEBUG org.hibernate.cfg.annotations.PropertyBinder - MetadataSourceProcessor property code with lazy=false
11:35:17.084 [main] DEBUG org.hibernate.cfg.AbstractPropertyHolder - Attempting to locate auto-apply AttributeConverter for property [cm.pak.models.core.ExtensionModel:code]
11:35:17.084 [main] DEBUG org.hibernate.cfg.annotations.SimpleValueBinder - building SimpleValue for code
11:35:17.084 [main] DEBUG org.hibernate.cfg.annotations.PropertyBinder - Building property code
11:35:17.084 [main] DEBUG org.hibernate.cfg.Ejb3Column - Binding column: Ejb3JoinColumn{logicalColumnName='t_dep', referencedColumn='', mappedBy=''}
11:35:17.084 [main] DEBUG org.hibernate.cfg.Ejb3Column - Binding column: Ejb3Column{table=org.hibernate.mapping.Table(t_ext), mappingColumn=depends, insertable=true, updatable=true, unique=false}
11:35:17.094 [main] DEBUG org.hibernate.cfg.Ejb3Column - Binding column: Ejb3Column{table=org.hibernate.mapping.Table(t_ext), mappingColumn=null, insertable=true, updatable=true, unique=false}
11:35:17.104 [main] DEBUG org.hibernate.cfg.Ejb3Column - Binding column: Ejb3Column{table=org.hibernate.mapping.Table(t_ext), mappingColumn=depends, insertable=true, updatable=true, unique=false}
11:35:17.104 [main] DEBUG org.hibernate.cfg.Ejb3Column - Binding column: Ejb3Column{table=org.hibernate.mapping.Table(t_ext), mappingColumn=depends_KEY, insertable=true, updatable=true, unique=false}
11:35:17.112 [main] DEBUG org.hibernate.cfg.Ejb3Column - Binding column: Ejb3JoinColumn{logicalColumnName='depends_KEY', referencedColumn='null', mappedBy='null'}
11:35:17.114 [main] DEBUG org.hibernate.cfg.Ejb3Column - Binding column: Ejb3JoinColumn{logicalColumnName='null', referencedColumn='null', mappedBy=''}
11:35:17.114 [main] DEBUG org.hibernate.cfg.Ejb3Column - Binding column: Ejb3JoinColumn{logicalColumnName='null', referencedColumn='null', mappedBy=''}
11:35:17.114 [main] DEBUG org.hibernate.cfg.annotations.CollectionBinder - Collection role: cm.pak.models.core.ExtensionModel.depends
11:35:17.122 [main] DEBUG org.hibernate.cfg.annotations.PropertyBinder - Building property depends
11:35:17.124 [main] DEBUG org.hibernate.cfg.Ejb3Column - Binding column: Ejb3Column{table=org.hibernate.mapping.Table(t_ext), mappingColumn=t_inst, insertable=true, updatable=true, unique=false}
11:35:17.124 [main] DEBUG org.hibernate.cfg.annotations.PropertyBinder - MetadataSourceProcessor property install with lazy=false
11:35:17.124 [main] DEBUG org.hibernate.cfg.AbstractPropertyHolder - Attempting to locate auto-apply AttributeConverter for property [cm.pak.models.core.ExtensionModel:install]
11:35:17.124 [main] DEBUG org.hibernate.cfg.annotations.SimpleValueBinder - building SimpleValue for install
11:35:17.124 [main] DEBUG org.hibernate.cfg.annotations.PropertyBinder - Building property install
11:35:17.124 [main] DEBUG org.hibernate.cfg.Ejb3Column - Binding column: Ejb3Column{table=org.hibernate.mapping.Table(t_ext), mappingColumn=t_longD, insertable=true, updatable=true, unique=false}
11:35:17.124 [main] DEBUG org.hibernate.cfg.annotations.PropertyBinder - MetadataSourceProcessor property longDescription with lazy=false
11:35:17.124 [main] DEBUG org.hibernate.cfg.AbstractPropertyHolder - Attempting to locate auto-apply AttributeConverter for property [cm.pak.models.core.ExtensionModel:longDescription]
11:35:17.124 [main] DEBUG org.hibernate.cfg.annotations.SimpleValueBinder - building SimpleValue for longDescription
11:35:17.124 [main] DEBUG org.hibernate.cfg.annotations.PropertyBinder - Building property longDescription
11:35:17.124 [main] DEBUG org.hibernate.cfg.Ejb3Column - Binding column: Ejb3Column{table=org.hibernate.mapping.Table(t_ext), mappingColumn=t_owne, insertable=true, updatable=true, unique=false}
11:35:17.124 [main] DEBUG org.hibernate.cfg.annotations.PropertyBinder - MetadataSourceProcessor property owner with lazy=false
11:35:17.124 [main] DEBUG org.hibernate.cfg.AbstractPropertyHolder - Attempting to locate auto-apply AttributeConverter for property [cm.pak.models.core.ExtensionModel:owner]
11:35:17.124 [main] DEBUG org.hibernate.cfg.annotations.SimpleValueBinder - building SimpleValue for owner
11:35:17.124 [main] DEBUG org.hibernate.cfg.annotations.PropertyBinder - Building property owner
11:35:17.124 [main] DEBUG org.hibernate.cfg.Ejb3Column - Binding column: Ejb3Column{table=org.hibernate.mapping.Table(t_ext), mappingColumn=sequence, insertable=true, updatable=true, unique=false}
11:35:17.124 [main] DEBUG org.hibernate.cfg.annotations.PropertyBinder - MetadataSourceProcessor property sequence with lazy=false
11:35:17.124 [main] DEBUG org.hibernate.cfg.AbstractPropertyHolder - Attempting to locate auto-apply AttributeConverter for property [cm.pak.models.core.ExtensionModel:sequence]
11:35:17.124 [main] DEBUG org.hibernate.cfg.annotations.SimpleValueBinder - building SimpleValue for sequence
11:35:17.132 [main] DEBUG org.hibernate.cfg.annotations.PropertyBinder - Building property sequence
11:35:17.132 [main] DEBUG org.hibernate.cfg.Ejb3Column - Binding column: Ejb3Column{table=org.hibernate.mapping.Table(t_ext), mappingColumn=t_shortD, insertable=true, updatable=true, unique=false}
11:35:17.134 [main] DEBUG org.hibernate.cfg.annotations.PropertyBinder - MetadataSourceProcessor property shortDescription with lazy=false
11:35:17.134 [main] DEBUG org.hibernate.cfg.AbstractPropertyHolder - Attempting to locate auto-apply AttributeConverter for property [cm.pak.models.core.ExtensionModel:shortDescription]
11:35:17.134 [main] DEBUG org.hibernate.cfg.annotations.SimpleValueBinder - building SimpleValue for shortDescription
11:35:17.134 [main] DEBUG org.hibernate.cfg.annotations.PropertyBinder - Building property shortDescription
11:35:17.134 [main] DEBUG org.hibernate.cfg.Ejb3Column - Binding column: Ejb3Column{table=org.hibernate.mapping.Table(t_ext), mappingColumn=t_vers, insertable=true, updatable=true, unique=false}
11:35:17.134 [main] DEBUG org.hibernate.cfg.annotations.PropertyBinder - MetadataSourceProcessor property version with lazy=false
11:35:17.134 [main] DEBUG org.hibernate.cfg.AbstractPropertyHolder - Attempting to locate auto-apply AttributeConverter for property [cm.pak.models.core.ExtensionModel:version]
11:35:17.134 [main] DEBUG org.hibernate.cfg.annotations.SimpleValueBinder - building SimpleValue for version
11:35:17.134 [main] DEBUG org.hibernate.cfg.annotations.PropertyBinder - Building property version
11:35:17.144 [main] DEBUG org.hibernate.cfg.AnnotationBinder - Binding entity from annotated class: cm.pak.models.security.GroupeModel
11:35:17.144 [main] DEBUG org.hibernate.cfg.Ejb3Column - Binding column: Ejb3DiscriminatorColumn{logicalColumnName'DTYPE', discriminatorTypeName='string'}
11:35:17.144 [main] DEBUG org.hibernate.cfg.annotations.EntityBinder - Import with entity name GroupeModel
11:35:17.144 [main] DEBUG org.hibernate.cfg.annotations.EntityBinder - Bind entity cm.pak.models.security.GroupeModel on table t_group
11:35:17.163 [main] DEBUG org.hibernate.cfg.Ejb3Column - Binding column: Ejb3Column{table=org.hibernate.mapping.Table(t_group), mappingColumn=p_pk, insertable=true, updatable=false, unique=false}
11:35:17.165 [main] DEBUG org.hibernate.boot.internal.ClassLoaderAccessImpl - Not known whether passed class name [cm.pak.models.security.GroupeModel] is safe
11:35:17.165 [main] DEBUG org.hibernate.boot.internal.ClassLoaderAccessImpl - No temp ClassLoader provided; using live ClassLoader for loading potentially unsafe class : cm.pak.models.security.GroupeModel
11:35:17.165 [main] DEBUG org.hibernate.cfg.annotations.PropertyBinder - MetadataSourceProcessor property pk with lazy=false
11:35:17.165 [main] DEBUG org.hibernate.cfg.AbstractPropertyHolder - Attempting to locate auto-apply AttributeConverter for property [cm.pak.models.security.GroupeModel:pk]
11:35:17.165 [main] DEBUG org.hibernate.cfg.annotations.SimpleValueBinder - building SimpleValue for pk
11:35:17.165 [main] DEBUG org.hibernate.cfg.annotations.PropertyBinder - Building property pk
11:35:17.165 [main] DEBUG org.hibernate.cfg.BinderHelper - #makeIdGenerator(org.hibernate.mapping.SimpleValue([org.hibernate.mapping.Column(p_pk)]), pk, identity, , ...)
11:35:17.165 [main] DEBUG org.hibernate.cfg.Ejb3Column - Binding column: Ejb3Column{table=org.hibernate.mapping.Table(t_group), mappingColumn=p_create, insertable=true, updatable=false, unique=false}
11:35:17.165 [main] DEBUG org.hibernate.cfg.annotations.PropertyBinder - MetadataSourceProcessor property create with lazy=false
11:35:17.165 [main] DEBUG org.hibernate.cfg.AbstractPropertyHolder - Attempting to locate auto-apply AttributeConverter for property [cm.pak.models.security.GroupeModel:create]
11:35:17.165 [main] DEBUG org.hibernate.cfg.annotations.SimpleValueBinder - building SimpleValue for create
11:35:17.165 [main] DEBUG org.hibernate.cfg.annotations.PropertyBinder - Building property create
11:35:17.173 [main] DEBUG org.hibernate.cfg.Ejb3Column - Binding column: Ejb3Column{table=org.hibernate.mapping.Table(t_group), mappingColumn=p_update, insertable=true, updatable=true, unique=false}
11:35:17.173 [main] DEBUG org.hibernate.cfg.annotations.PropertyBinder - MetadataSourceProcessor property update with lazy=false
11:35:17.173 [main] DEBUG org.hibernate.cfg.AbstractPropertyHolder - Attempting to locate auto-apply AttributeConverter for property [cm.pak.models.security.GroupeModel:update]
11:35:17.173 [main] DEBUG org.hibernate.cfg.annotations.SimpleValueBinder - building SimpleValue for update
11:35:17.173 [main] DEBUG org.hibernate.cfg.annotations.PropertyBinder - Building property update
11:35:17.173 [main] DEBUG org.hibernate.cfg.Ejb3Column - Binding column: Ejb3Column{table=org.hibernate.mapping.Table(t_group), mappingColumn=t_code, insertable=true, updatable=true, unique=true}
11:35:17.175 [main] DEBUG org.hibernate.cfg.annotations.PropertyBinder - MetadataSourceProcessor property code with lazy=false
11:35:17.175 [main] DEBUG org.hibernate.cfg.AbstractPropertyHolder - Attempting to locate auto-apply AttributeConverter for property [cm.pak.models.security.GroupeModel:code]
11:35:17.175 [main] DEBUG org.hibernate.cfg.annotations.SimpleValueBinder - building SimpleValue for code
11:35:17.175 [main] DEBUG org.hibernate.cfg.annotations.PropertyBinder - Building property code
11:35:17.175 [main] DEBUG org.hibernate.cfg.Ejb3Column - Binding column: Ejb3Column{table=org.hibernate.mapping.Table(t_group), mappingColumn=t_inti, insertable=true, updatable=true, unique=false}
11:35:17.175 [main] DEBUG org.hibernate.cfg.annotations.PropertyBinder - MetadataSourceProcessor property intitule with lazy=false
11:35:17.175 [main] DEBUG org.hibernate.cfg.AbstractPropertyHolder - Attempting to locate auto-apply AttributeConverter for property [cm.pak.models.security.GroupeModel:intitule]
11:35:17.175 [main] DEBUG org.hibernate.cfg.annotations.SimpleValueBinder - building SimpleValue for intitule
11:35:17.175 [main] DEBUG org.hibernate.cfg.annotations.PropertyBinder - Building property intitule
11:35:17.175 [main] DEBUG org.hibernate.cfg.Ejb3Column - Binding column: Ejb3JoinColumn{logicalColumnName='null', referencedColumn='null', mappedBy='null'}
11:35:17.175 [main] DEBUG org.hibernate.cfg.Ejb3Column - Binding column: Ejb3Column{table=org.hibernate.mapping.Table(t_group), mappingColumn=plugin, insertable=true, updatable=true, unique=false}
11:35:17.175 [main] DEBUG org.hibernate.cfg.annotations.PropertyBinder - Building property plugin
11:35:17.175 [main] DEBUG org.hibernate.cfg.Ejb3Column - Binding column: Ejb3JoinColumn{logicalColumnName='t_ac', referencedColumn='', mappedBy=''}
11:35:17.175 [main] DEBUG org.hibernate.cfg.Ejb3Column - Binding column: Ejb3Column{table=org.hibernate.mapping.Table(t_group), mappingColumn=rigths, insertable=true, updatable=true, unique=false}
11:35:17.175 [main] DEBUG org.hibernate.cfg.Ejb3Column - Binding column: Ejb3Column{table=org.hibernate.mapping.Table(t_group), mappingColumn=null, insertable=true, updatable=true, unique=false}
11:35:17.175 [main] DEBUG org.hibernate.cfg.Ejb3Column - Binding column: Ejb3Column{table=org.hibernate.mapping.Table(t_group), mappingColumn=element, insertable=true, updatable=true, unique=false}
11:35:17.175 [main] DEBUG org.hibernate.cfg.Ejb3Column - Binding column: Ejb3Column{table=org.hibernate.mapping.Table(t_group), mappingColumn=rigths_KEY, insertable=true, updatable=true, unique=false}
11:35:17.175 [main] DEBUG org.hibernate.cfg.Ejb3Column - Binding column: Ejb3JoinColumn{logicalColumnName='rigths_KEY', referencedColumn='null', mappedBy='null'}
11:35:17.175 [main] DEBUG org.hibernate.cfg.Ejb3Column - Binding column: Ejb3JoinColumn{logicalColumnName='null', referencedColumn='null', mappedBy=''}
11:35:17.175 [main] DEBUG org.hibernate.cfg.Ejb3Column - Binding column: Ejb3JoinColumn{logicalColumnName='null', referencedColumn='null', mappedBy=''}
11:35:17.175 [main] DEBUG org.hibernate.cfg.annotations.CollectionBinder - Collection role: cm.pak.models.security.GroupeModel.rigths
11:35:17.183 [main] DEBUG org.hibernate.cfg.annotations.PropertyBinder - Building property rigths
11:35:17.183 [main] DEBUG org.hibernate.cfg.AnnotationBinder - Binding entity from annotated class: cm.pak.models.security.UserModel
11:35:17.185 [main] DEBUG org.hibernate.cfg.Ejb3Column - Binding column: Ejb3DiscriminatorColumn{logicalColumnName'DTYPE', discriminatorTypeName='string'}
11:35:17.185 [main] DEBUG org.hibernate.cfg.annotations.EntityBinder - Import with entity name UserModel
11:35:17.185 [main] DEBUG org.hibernate.cfg.annotations.EntityBinder - Bind entity cm.pak.models.security.UserModel on table T_USER
11:35:17.185 [main] DEBUG org.hibernate.cfg.Ejb3Column - Binding column: Ejb3Column{table=org.hibernate.mapping.Table(T_USER), mappingColumn=p_pk, insertable=true, updatable=false, unique=false}
11:35:17.185 [main] DEBUG org.hibernate.boot.internal.ClassLoaderAccessImpl - Not known whether passed class name [cm.pak.models.security.UserModel] is safe
11:35:17.185 [main] DEBUG org.hibernate.boot.internal.ClassLoaderAccessImpl - No temp ClassLoader provided; using live ClassLoader for loading potentially unsafe class : cm.pak.models.security.UserModel
11:35:17.185 [main] DEBUG org.hibernate.cfg.annotations.PropertyBinder - MetadataSourceProcessor property pk with lazy=false
11:35:17.185 [main] DEBUG org.hibernate.cfg.AbstractPropertyHolder - Attempting to locate auto-apply AttributeConverter for property [cm.pak.models.security.UserModel:pk]
11:35:17.185 [main] DEBUG org.hibernate.cfg.annotations.SimpleValueBinder - building SimpleValue for pk
11:35:17.185 [main] DEBUG org.hibernate.cfg.annotations.PropertyBinder - Building property pk
11:35:17.195 [main] DEBUG org.hibernate.cfg.BinderHelper - #makeIdGenerator(org.hibernate.mapping.SimpleValue([org.hibernate.mapping.Column(p_pk)]), pk, identity, , ...)
11:35:17.195 [main] DEBUG org.hibernate.cfg.Ejb3Column - Binding column: Ejb3Column{table=org.hibernate.mapping.Table(T_USER), mappingColumn=p_create, insertable=true, updatable=false, unique=false}
11:35:17.195 [main] DEBUG org.hibernate.cfg.annotations.PropertyBinder - MetadataSourceProcessor property create with lazy=false
11:35:17.195 [main] DEBUG org.hibernate.cfg.AbstractPropertyHolder - Attempting to locate auto-apply AttributeConverter for property [cm.pak.models.security.UserModel:create]
11:35:17.195 [main] DEBUG org.hibernate.cfg.annotations.SimpleValueBinder - building SimpleValue for create
11:35:17.195 [main] DEBUG org.hibernate.cfg.annotations.PropertyBinder - Building property create
11:35:17.195 [main] DEBUG org.hibernate.cfg.Ejb3Column - Binding column: Ejb3Column{table=org.hibernate.mapping.Table(T_USER), mappingColumn=p_update, insertable=true, updatable=true, unique=false}
11:35:17.195 [main] DEBUG org.hibernate.cfg.annotations.PropertyBinder - MetadataSourceProcessor property update with lazy=false
11:35:17.195 [main] DEBUG org.hibernate.cfg.AbstractPropertyHolder - Attempting to locate auto-apply AttributeConverter for property [cm.pak.models.security.UserModel:update]
11:35:17.195 [main] DEBUG org.hibernate.cfg.annotations.SimpleValueBinder - building SimpleValue for update
11:35:17.195 [main] DEBUG org.hibernate.cfg.annotations.PropertyBinder - Building property update
11:35:17.203 [main] DEBUG org.hibernate.cfg.Ejb3Column - Binding column: Ejb3Column{table=org.hibernate.mapping.Table(T_USER), mappingColumn=p_categ, insertable=true, updatable=true, unique=false}
11:35:17.203 [main] DEBUG org.hibernate.cfg.annotations.PropertyBinder - MetadataSourceProcessor property categorie with lazy=false
11:35:17.203 [main] DEBUG org.hibernate.cfg.AbstractPropertyHolder - Attempting to locate auto-apply AttributeConverter for property [cm.pak.models.security.UserModel:categorie]
11:35:17.203 [main] DEBUG org.hibernate.cfg.annotations.SimpleValueBinder - building SimpleValue for categorie
11:35:17.203 [main] DEBUG org.hibernate.cfg.annotations.PropertyBinder - Building property categorie
11:35:17.205 [main] DEBUG org.hibernate.cfg.Ejb3Column - Binding column: Ejb3Column{table=org.hibernate.mapping.Table(T_USER), mappingColumn=p_code, insertable=true, updatable=true, unique=true}
11:35:17.205 [main] DEBUG org.hibernate.cfg.annotations.PropertyBinder - MetadataSourceProcessor property code with lazy=false
11:35:17.205 [main] DEBUG org.hibernate.cfg.AbstractPropertyHolder - Attempting to locate auto-apply AttributeConverter for property [cm.pak.models.security.UserModel:code]
11:35:17.205 [main] DEBUG org.hibernate.cfg.annotations.SimpleValueBinder - building SimpleValue for code
11:35:17.205 [main] DEBUG org.hibernate.cfg.annotations.PropertyBinder - Building property code
11:35:17.205 [main] DEBUG org.hibernate.cfg.Ejb3Column - Binding column: Ejb3Column{table=org.hibernate.mapping.Table(T_USER), mappingColumn=p_genre, insertable=true, updatable=true, unique=false}
11:35:17.205 [main] DEBUG org.hibernate.cfg.annotations.PropertyBinder - MetadataSourceProcessor property genre with lazy=false
11:35:17.205 [main] DEBUG org.hibernate.cfg.AbstractPropertyHolder - Attempting to locate auto-apply AttributeConverter for property [cm.pak.models.security.UserModel:genre]
11:35:17.205 [main] DEBUG org.hibernate.cfg.annotations.SimpleValueBinder - building SimpleValue for genre
11:35:17.205 [main] DEBUG org.hibernate.cfg.annotations.PropertyBinder - Building property genre
11:35:17.205 [main] DEBUG org.hibernate.cfg.Ejb3Column - Binding column: Ejb3JoinColumn{logicalColumnName='group_id', referencedColumn='', mappedBy=''}
11:35:17.205 [main] DEBUG org.hibernate.cfg.Ejb3Column - Binding column: Ejb3Column{table=org.hibernate.mapping.Table(T_USER), mappingColumn=groupeModel, insertable=true, updatable=true, unique=false}
11:35:17.205 [main] DEBUG org.hibernate.cfg.annotations.PropertyBinder - Building property groupeModel
11:35:17.205 [main] DEBUG org.hibernate.cfg.Ejb3Column - Binding column: Ejb3Column{table=org.hibernate.mapping.Table(T_USER), mappingColumn=p_name, insertable=true, updatable=true, unique=false}
11:35:17.205 [main] DEBUG org.hibernate.cfg.annotations.PropertyBinder - MetadataSourceProcessor property name with lazy=false
11:35:17.205 [main] DEBUG org.hibernate.cfg.AbstractPropertyHolder - Attempting to locate auto-apply AttributeConverter for property [cm.pak.models.security.UserModel:name]
11:35:17.205 [main] DEBUG org.hibernate.cfg.annotations.SimpleValueBinder - building SimpleValue for name
11:35:17.205 [main] DEBUG org.hibernate.cfg.annotations.PropertyBinder - Building property name
[...]
11:35:19.511 [main] DEBUG org.springframework.test.context.cache.DefaultCacheAwareContextLoaderDelegate - Retrieved ApplicationContext [1146147158] from cache with key [[MergedContextConfiguration@23bb8443 testClass = DefaultExtensionServiceTest, locations = '{}', classes = '{class cm.pak.TrainingCoreConfig}', contextInitializerClasses = '[]', activeProfiles = '{}', propertySourceLocations = '{}', propertySourceProperties = '{}', contextCustomizers = set[[empty]], contextLoader = 'org.springframework.test.context.support.DelegatingSmartContextLoader', parent = [null]]]
11:35:19.511 [main] DEBUG org.springframework.test.context.cache - Spring test ApplicationContext cache statistics: [DefaultContextCache@193eb1ba size = 1, maxSize = 32, parentContextCount = 0, hitCount = 8, missCount = 1]
11:35:19.511 [main] DEBUG org.springframework.test.context.cache.DefaultCacheAwareContextLoaderDelegate - Retrieved ApplicationContext [1146147158] from cache with key [[MergedContextConfiguration@23bb8443 testClass = DefaultExtensionServiceTest, locations = '{}', classes = '{class cm.pak.TrainingCoreConfig}', contextInitializerClasses = '[]', activeProfiles = '{}', propertySourceLocations = '{}', propertySourceProperties = '{}', contextCustomizers = set[[empty]], contextLoader = 'org.springframework.test.context.support.DelegatingSmartContextLoader', parent = [null]]]
11:35:19.511 [main] DEBUG org.springframework.test.context.cache - Spring test ApplicationContext cache statistics: [DefaultContextCache@193eb1ba size = 1, maxSize = 32, parentContextCount = 0, hitCount = 9, missCount = 1]
11:35:19.512 [main] DEBUG org.springframework.test.context.support.AbstractDirtiesContextTestExecutionListener - Before test method: context [DefaultTestContext@3ffcd140 testClass = DefaultExtensionServiceTest, testInstance = cm.pak.services.impl.DefaultExtensionServiceTest@2e56b4d, testMethod = get@DefaultExtensionServiceTest, testException = [null], mergedContextConfiguration = [MergedContextConfiguration@23bb8443 testClass = DefaultExtensionServiceTest, locations = '{}', classes = '{class cm.pak.TrainingCoreConfig}', contextInitializerClasses = '[]', activeProfiles = '{}', propertySourceLocations = '{}', propertySourceProperties = '{}', contextCustomizers = set[[empty]], contextLoader = 'org.springframework.test.context.support.DelegatingSmartContextLoader', parent = [null]], attributes = map['org.springframework.test.context.event.ApplicationEventsTestExecutionListener.recordApplicationEvents' -> false]], class annotated with @DirtiesContext [false] with mode [null], method annotated with @DirtiesContext [false] with mode [null].
11:35:19.512 [main] DEBUG org.springframework.test.context.cache.DefaultCacheAwareContextLoaderDelegate - Retrieved ApplicationContext [1146147158] from cache with key [[MergedContextConfiguration@23bb8443 testClass = DefaultExtensionServiceTest, locations = '{}', classes = '{class cm.pak.TrainingCoreConfig}', contextInitializerClasses = '[]', activeProfiles = '{}', propertySourceLocations = '{}', propertySourceProperties = '{}', contextCustomizers = set[[empty]], contextLoader = 'org.springframework.test.context.support.DelegatingSmartContextLoader', parent = [null]]]
11:35:19.512 [main] DEBUG org.springframework.test.context.cache - Spring test ApplicationContext cache statistics: [DefaultContextCache@193eb1ba size = 1, maxSize = 32, parentContextCount = 0, hitCount = 10, missCount = 1]
11:35:19.513 [main] DEBUG org.springframework.orm.jpa.SharedEntityManagerCreator$SharedEntityManagerInvocationHandler - Creating new EntityManager for shared EntityManager invocation
11:35:19.513 [main] DEBUG org.hibernate.SQL - select extensionm0_.p_pk as p_pk1_2_0_, extensionm0_.p_create as p_create2_2_0_, extensionm0_.p_update as p_update3_2_0_, extensionm0_.t_code as t_code4_2_0_, extensionm0_.t_inst as t_inst5_2_0_, extensionm0_.t_longD as t_longd6_2_0_, extensionm0_.t_owne as t_owne7_2_0_, extensionm0_.sequence as sequence8_2_0_, extensionm0_.t_shortD as t_shortd9_2_0_, extensionm0_.t_vers as t_vers10_2_0_ from t_ext extensionm0_ where extensionm0_.p_pk=?
Hibernate: select extensionm0_.p_pk as p_pk1_2_0_, extensionm0_.p_create as p_create2_2_0_, extensionm0_.p_update as p_update3_2_0_, extensionm0_.t_code as t_code4_2_0_, extensionm0_.t_inst as t_inst5_2_0_, extensionm0_.t_longD as t_longd6_2_0_, extensionm0_.t_owne as t_owne7_2_0_, extensionm0_.sequence as sequence8_2_0_, extensionm0_.t_shortD as t_shortd9_2_0_, extensionm0_.t_vers as t_vers10_2_0_ from t_ext extensionm0_ where extensionm0_.p_pk=?
11:35:19.513 [main] DEBUG org.hibernate.loader.entity.plan.AbstractLoadPlanBasedEntityLoader - Done entity load : cm.pak.models.core.ExtensionModel#1
11:35:19.513 [main] DEBUG org.springframework.orm.jpa.JpaTransactionManager - Creating new transaction with name [cm.pak.services.impl.DefaultExtensionService.load]: PROPAGATION_REQUIRED,ISOLATION_DEFAULT
11:35:19.513 [main] DEBUG org.springframework.orm.jpa.JpaTransactionManager - Opened new EntityManager [SessionImpl(190496961<open>)] for JPA transaction
11:35:19.514 [main] DEBUG org.hibernate.engine.transaction.internal.TransactionImpl - On TransactionImpl creation, JpaCompliance#isJpaTransactionComplianceEnabled == false
11:35:19.514 [main] DEBUG org.hibernate.engine.transaction.internal.TransactionImpl - begin
11:35:19.514 [main] DEBUG org.springframework.orm.jpa.JpaTransactionManager - Exposing JPA transaction as JDBC [org.springframework.orm.jpa.vendor.HibernateJpaDialect$HibernateConnectionHandle@224c7de4]
11:35:19.515 [main] DEBUG org.springframework.orm.jpa.JpaTransactionManager - Initiating transaction commit
11:35:19.515 [main] DEBUG org.springframework.orm.jpa.JpaTransactionManager - Committing JPA transaction on EntityManager [SessionImpl(190496961<open>)]
11:35:19.515 [main] DEBUG org.hibernate.engine.transaction.internal.TransactionImpl - committing
11:35:19.515 [main] DEBUG org.springframework.orm.jpa.JpaTransactionManager - Closing JPA EntityManager [SessionImpl(190496961<open>)] after transaction
11:35:19.515 [main] DEBUG org.springframework.test.context.cache.DefaultCacheAwareContextLoaderDelegate - Retrieved ApplicationContext [1146147158] from cache with key [[MergedContextConfiguration@23bb8443 testClass = DefaultExtensionServiceTest, locations = '{}', classes = '{class cm.pak.TrainingCoreConfig}', contextInitializerClasses = '[]', activeProfiles = '{}', propertySourceLocations = '{}', propertySourceProperties = '{}', contextCustomizers = set[[empty]], contextLoader = 'org.springframework.test.context.support.DelegatingSmartContextLoader', parent = [null]]]
11:35:19.515 [main] DEBUG org.springframework.test.context.cache - Spring test ApplicationContext cache statistics: [DefaultContextCache@193eb1ba size = 1, maxSize = 32, parentContextCount = 0, hitCount = 11, missCount = 1]
11:35:19.516 [main] DEBUG org.springframework.test.context.support.AbstractDirtiesContextTestExecutionListener - After test method: context [DefaultTestContext@3ffcd140 testClass = DefaultExtensionServiceTest, testInstance = cm.pak.services.impl.DefaultExtensionServiceTest@2e56b4d, testMethod = get@DefaultExtensionServiceTest, testException = com.fasterxml.jackson.databind.exc.UnrecognizedPropertyException: Unrecognized field "path" (class cm.pak.data.MenuData), not marked as ignorable (10 known properties: "label", "viewComponent", "name", "actions", "order", "listComponent", "viewMode", "source", "metadata", "children"])
 at [Source: (File); line: 14, column: 16] (through reference chain: cm.pak.data.ModuleData["menus"]->java.util.HashSet[0]->cm.pak.data.MenuData["path"]), mergedContextConfiguration = [MergedContextConfiguration@23bb8443 testClass = DefaultExtensionServiceTest, locations = '{}', classes = '{class cm.pak.TrainingCoreConfig}', contextInitializerClasses = '[]', activeProfiles = '{}', propertySourceLocations = '{}', propertySourceProperties = '{}', contextCustomizers = set[[empty]], contextLoader = 'org.springframework.test.context.support.DelegatingSmartContextLoader', parent = [null]], attributes = map['org.springframework.test.context.event.ApplicationEventsTestExecutionListener.recordApplicationEvents' -> false]], class annotated with @DirtiesContext [false] with mode [null], method annotated with @DirtiesContext [false] with mode [null].
]]></system-out>
  </testcase>
  <testcase name="createAdminExtension" classname="cm.pak.services.impl.DefaultExtensionServiceTest" time="0.022">
    <error message="Unrecognized field &quot;path&quot; (class cm.pak.data.MenuData), not marked as ignorable (10 known properties: &quot;label&quot;, &quot;viewComponent&quot;, &quot;name&quot;, &quot;actions&quot;, &quot;order&quot;, &quot;listComponent&quot;, &quot;viewMode&quot;, &quot;source&quot;, &quot;metadata&quot;, &quot;children&quot;])&#10; at [Source: (File); line: 14, column: 16] (through reference chain: cm.pak.data.ModuleData[&quot;menus&quot;]-&gt;java.util.HashSet[0]-&gt;cm.pak.data.MenuData[&quot;path&quot;])" type="com.fasterxml.jackson.databind.exc.UnrecognizedPropertyException">com.fasterxml.jackson.databind.exc.UnrecognizedPropertyException: 
Unrecognized field "path" (class cm.pak.data.MenuData), not marked as ignorable (10 known properties: "label", "viewComponent", "name", "actions", "order", "listComponent", "viewMode", "source", "metadata", "children"])
 at [Source: (File); line: 14, column: 16] (through reference chain: cm.pak.data.ModuleData["menus"]->java.util.HashSet[0]->cm.pak.data.MenuData["path"])
	at cm.pak.services.impl.DefaultExtensionServiceTest.setUp(DefaultExtensionServiceTest.java:40)
</error>
    <system-out><![CDATA[11:35:19.517 [main] DEBUG org.springframework.test.annotation.ProfileValueUtils - Retrieved @ProfileValueSourceConfiguration [null] for test class [cm.pak.services.impl.DefaultExtensionServiceTest]
11:35:19.517 [main] DEBUG org.springframework.test.annotation.ProfileValueUtils - Retrieved ProfileValueSource type [class org.springframework.test.annotation.SystemProfileValueSource] for class [cm.pak.services.impl.DefaultExtensionServiceTest]
11:35:19.517 [main] DEBUG org.springframework.test.context.support.DependencyInjectionTestExecutionListener - Performing dependency injection for test context [[DefaultTestContext@3ffcd140 testClass = DefaultExtensionServiceTest, testInstance = cm.pak.services.impl.DefaultExtensionServiceTest@36ad229b, testMethod = [null], testException = [null], mergedContextConfiguration = [MergedContextConfiguration@23bb8443 testClass = DefaultExtensionServiceTest, locations = '{}', classes = '{class cm.pak.TrainingCoreConfig}', contextInitializerClasses = '[]', activeProfiles = '{}', propertySourceLocations = '{}', propertySourceProperties = '{}', contextCustomizers = set[[empty]], contextLoader = 'org.springframework.test.context.support.DelegatingSmartContextLoader', parent = [null]], attributes = map['org.springframework.test.context.event.ApplicationEventsTestExecutionListener.recordApplicationEvents' -> false]]].
11:35:19.517 [main] DEBUG org.springframework.test.context.cache.DefaultCacheAwareContextLoaderDelegate - Retrieved ApplicationContext [1146147158] from cache with key [[MergedContextConfiguration@23bb8443 testClass = DefaultExtensionServiceTest, locations = '{}', classes = '{class cm.pak.TrainingCoreConfig}', contextInitializerClasses = '[]', activeProfiles = '{}', propertySourceLocations = '{}', propertySourceProperties = '{}', contextCustomizers = set[[empty]], contextLoader = 'org.springframework.test.context.support.DelegatingSmartContextLoader', parent = [null]]]
11:35:19.517 [main] DEBUG org.springframework.test.context.cache - Spring test ApplicationContext cache statistics: [DefaultContextCache@193eb1ba size = 1, maxSize = 32, parentContextCount = 0, hitCount = 12, missCount = 1]
11:35:19.518 [main] DEBUG org.springframework.test.context.cache.DefaultCacheAwareContextLoaderDelegate - Retrieved ApplicationContext [1146147158] from cache with key [[MergedContextConfiguration@23bb8443 testClass = DefaultExtensionServiceTest, locations = '{}', classes = '{class cm.pak.TrainingCoreConfig}', contextInitializerClasses = '[]', activeProfiles = '{}', propertySourceLocations = '{}', propertySourceProperties = '{}', contextCustomizers = set[[empty]], contextLoader = 'org.springframework.test.context.support.DelegatingSmartContextLoader', parent = [null]]]
11:35:19.518 [main] DEBUG org.springframework.test.context.cache - Spring test ApplicationContext cache statistics: [DefaultContextCache@193eb1ba size = 1, maxSize = 32, parentContextCount = 0, hitCount = 13, missCount = 1]
11:35:19.520 [main] DEBUG org.springframework.test.context.support.AbstractDirtiesContextTestExecutionListener - Before test method: context [DefaultTestContext@3ffcd140 testClass = DefaultExtensionServiceTest, testInstance = cm.pak.services.impl.DefaultExtensionServiceTest@36ad229b, testMethod = createAdminExtension@DefaultExtensionServiceTest, testException = [null], mergedContextConfiguration = [MergedContextConfiguration@23bb8443 testClass = DefaultExtensionServiceTest, locations = '{}', classes = '{class cm.pak.TrainingCoreConfig}', contextInitializerClasses = '[]', activeProfiles = '{}', propertySourceLocations = '{}', propertySourceProperties = '{}', contextCustomizers = set[[empty]], contextLoader = 'org.springframework.test.context.support.DelegatingSmartContextLoader', parent = [null]], attributes = map['org.springframework.test.context.event.ApplicationEventsTestExecutionListener.recordApplicationEvents' -> false]], class annotated with @DirtiesContext [false] with mode [null], method annotated with @DirtiesContext [false] with mode [null].
11:35:19.520 [main] DEBUG org.springframework.test.context.cache.DefaultCacheAwareContextLoaderDelegate - Retrieved ApplicationContext [1146147158] from cache with key [[MergedContextConfiguration@23bb8443 testClass = DefaultExtensionServiceTest, locations = '{}', classes = '{class cm.pak.TrainingCoreConfig}', contextInitializerClasses = '[]', activeProfiles = '{}', propertySourceLocations = '{}', propertySourceProperties = '{}', contextCustomizers = set[[empty]], contextLoader = 'org.springframework.test.context.support.DelegatingSmartContextLoader', parent = [null]]]
11:35:19.520 [main] DEBUG org.springframework.test.context.cache - Spring test ApplicationContext cache statistics: [DefaultContextCache@193eb1ba size = 1, maxSize = 32, parentContextCount = 0, hitCount = 14, missCount = 1]
11:35:19.520 [main] DEBUG org.springframework.orm.jpa.SharedEntityManagerCreator$SharedEntityManagerInvocationHandler - Creating new EntityManager for shared EntityManager invocation
11:35:19.520 [main] DEBUG org.hibernate.SQL - select extensionm0_.p_pk as p_pk1_2_0_, extensionm0_.p_create as p_create2_2_0_, extensionm0_.p_update as p_update3_2_0_, extensionm0_.t_code as t_code4_2_0_, extensionm0_.t_inst as t_inst5_2_0_, extensionm0_.t_longD as t_longd6_2_0_, extensionm0_.t_owne as t_owne7_2_0_, extensionm0_.sequence as sequence8_2_0_, extensionm0_.t_shortD as t_shortd9_2_0_, extensionm0_.t_vers as t_vers10_2_0_ from t_ext extensionm0_ where extensionm0_.p_pk=?
Hibernate: select extensionm0_.p_pk as p_pk1_2_0_, extensionm0_.p_create as p_create2_2_0_, extensionm0_.p_update as p_update3_2_0_, extensionm0_.t_code as t_code4_2_0_, extensionm0_.t_inst as t_inst5_2_0_, extensionm0_.t_longD as t_longd6_2_0_, extensionm0_.t_owne as t_owne7_2_0_, extensionm0_.sequence as sequence8_2_0_, extensionm0_.t_shortD as t_shortd9_2_0_, extensionm0_.t_vers as t_vers10_2_0_ from t_ext extensionm0_ where extensionm0_.p_pk=?
11:35:19.521 [main] DEBUG org.hibernate.loader.entity.plan.AbstractLoadPlanBasedEntityLoader - Done entity load : cm.pak.models.core.ExtensionModel#1
11:35:19.522 [main] DEBUG org.springframework.orm.jpa.JpaTransactionManager - Creating new transaction with name [cm.pak.services.impl.DefaultExtensionService.load]: PROPAGATION_REQUIRED,ISOLATION_DEFAULT
11:35:19.523 [main] DEBUG org.springframework.orm.jpa.JpaTransactionManager - Opened new EntityManager [SessionImpl(1231493271<open>)] for JPA transaction
11:35:19.523 [main] DEBUG org.hibernate.engine.transaction.internal.TransactionImpl - On TransactionImpl creation, JpaCompliance#isJpaTransactionComplianceEnabled == false
11:35:19.523 [main] DEBUG org.hibernate.engine.transaction.internal.TransactionImpl - begin
11:35:19.523 [main] DEBUG org.springframework.orm.jpa.JpaTransactionManager - Exposing JPA transaction as JDBC [org.springframework.orm.jpa.vendor.HibernateJpaDialect$HibernateConnectionHandle@168142da]
11:35:19.524 [main] DEBUG org.springframework.orm.jpa.JpaTransactionManager - Initiating transaction commit
11:35:19.524 [main] DEBUG org.springframework.orm.jpa.JpaTransactionManager - Committing JPA transaction on EntityManager [SessionImpl(1231493271<open>)]
11:35:19.524 [main] DEBUG org.hibernate.engine.transaction.internal.TransactionImpl - committing
11:35:19.525 [main] DEBUG org.springframework.orm.jpa.JpaTransactionManager - Closing JPA EntityManager [SessionImpl(1231493271<open>)] after transaction
11:35:19.526 [main] DEBUG org.springframework.test.context.cache.DefaultCacheAwareContextLoaderDelegate - Retrieved ApplicationContext [1146147158] from cache with key [[MergedContextConfiguration@23bb8443 testClass = DefaultExtensionServiceTest, locations = '{}', classes = '{class cm.pak.TrainingCoreConfig}', contextInitializerClasses = '[]', activeProfiles = '{}', propertySourceLocations = '{}', propertySourceProperties = '{}', contextCustomizers = set[[empty]], contextLoader = 'org.springframework.test.context.support.DelegatingSmartContextLoader', parent = [null]]]
11:35:19.528 [main] DEBUG org.springframework.test.context.cache - Spring test ApplicationContext cache statistics: [DefaultContextCache@193eb1ba size = 1, maxSize = 32, parentContextCount = 0, hitCount = 15, missCount = 1]
11:35:19.533 [main] DEBUG org.springframework.test.context.support.AbstractDirtiesContextTestExecutionListener - After test method: context [DefaultTestContext@3ffcd140 testClass = DefaultExtensionServiceTest, testInstance = cm.pak.services.impl.DefaultExtensionServiceTest@36ad229b, testMethod = createAdminExtension@DefaultExtensionServiceTest, testException = com.fasterxml.jackson.databind.exc.UnrecognizedPropertyException: Unrecognized field "path" (class cm.pak.data.MenuData), not marked as ignorable (10 known properties: "label", "viewComponent", "name", "actions", "order", "listComponent", "viewMode", "source", "metadata", "children"])
 at [Source: (File); line: 14, column: 16] (through reference chain: cm.pak.data.ModuleData["menus"]->java.util.HashSet[0]->cm.pak.data.MenuData["path"]), mergedContextConfiguration = [MergedContextConfiguration@23bb8443 testClass = DefaultExtensionServiceTest, locations = '{}', classes = '{class cm.pak.TrainingCoreConfig}', contextInitializerClasses = '[]', activeProfiles = '{}', propertySourceLocations = '{}', propertySourceProperties = '{}', contextCustomizers = set[[empty]], contextLoader = 'org.springframework.test.context.support.DelegatingSmartContextLoader', parent = [null]], attributes = map['org.springframework.test.context.event.ApplicationEventsTestExecutionListener.recordApplicationEvents' -> false]], class annotated with @DirtiesContext [false] with mode [null], method annotated with @DirtiesContext [false] with mode [null].
]]></system-out>
  </testcase>
</testsuite>